[2021-03-10 21:27:44.837] [settingssync] [info] Using settings sync service https://vscode-sync.trafficmanager.net/
[2021-03-10 21:27:44.837] [settingssync] [info] Auto Sync is enabled.
[2021-03-10 21:27:44.837] [settingssync] [info] Auto Sync: Suspended until auth token is available.
[2021-03-10 21:27:46.786] [settingssync] [info] Auto Sync: Started
[2021-03-10 21:27:46.786] [settingssync] [info] Auto Sync: Triggered by Interval
[2021-03-10 21:27:46.791] [settingssync] [info] Request failed https://vscode-sync.trafficmanager.net/v1/manifest
[2021-03-10 21:27:46.793] [settingssync] [error] RequestFailed (UserDataSyncError) syncResource:unknown operationId:unknown: Connection refused for the request 'https://vscode-sync.trafficmanager.net/v1/manifest'.
    at m.request (file:///var/lib/snapd/snap/code/57/usr/share/code/resources/app/out/vs/code/electron-browser/sharedProcess/sharedProcessMain.js:47:185451)
    at async manifest (file:///var/lib/snapd/snap/code/57/usr/share/code/resources/app/out/vs/code/electron-browser/sharedProcess/sharedProcessMain.js:47:183700)
    at async s.createSyncTask (file:///var/lib/snapd/snap/code/57/usr/share/code/resources/app/out/vs/code/electron-browser/sharedProcess/sharedProcessMain.js:47:154918)
    at async h.doSync (file:///var/lib/snapd/snap/code/57/usr/share/code/resources/app/out/vs/code/electron-browser/sharedProcess/sharedProcessMain.js:47:149515)
[2021-03-10 21:27:46.793] [settingssync] [error] RequestFailed (UserDataSyncError) syncResource:unknown operationId:unknown: Connection refused for the request 'https://vscode-sync.trafficmanager.net/v1/manifest'.
    at m.request (file:///var/lib/snapd/snap/code/57/usr/share/code/resources/app/out/vs/code/electron-browser/sharedProcess/sharedProcessMain.js:47:185451)
    at async manifest (file:///var/lib/snapd/snap/code/57/usr/share/code/resources/app/out/vs/code/electron-browser/sharedProcess/sharedProcessMain.js:47:183700)
    at async s.createSyncTask (file:///var/lib/snapd/snap/code/57/usr/share/code/resources/app/out/vs/code/electron-browser/sharedProcess/sharedProcessMain.js:47:154918)
    at async h.doSync (file:///var/lib/snapd/snap/code/57/usr/share/code/resources/app/out/vs/code/electron-browser/sharedProcess/sharedProcessMain.js:47:149515)
[2021-03-10 21:27:51.972] [settingssync] [info] Auto Sync: Triggered by Activity
[2021-03-10 21:27:51.976] [settingssync] [info] Request failed https://vscode-sync.trafficmanager.net/v1/manifest
[2021-03-10 21:27:51.976] [settingssync] [error] RequestFailed (UserDataSyncError) syncResource:unknown operationId:unknown: Connection refused for the request 'https://vscode-sync.trafficmanager.net/v1/manifest'.
    at m.request (file:///var/lib/snapd/snap/code/57/usr/share/code/resources/app/out/vs/code/electron-browser/sharedProcess/sharedProcessMain.js:47:185451)
    at async manifest (file:///var/lib/snapd/snap/code/57/usr/share/code/resources/app/out/vs/code/electron-browser/sharedProcess/sharedProcessMain.js:47:183700)
    at async s.createSyncTask (file:///var/lib/snapd/snap/code/57/usr/share/code/resources/app/out/vs/code/electron-browser/sharedProcess/sharedProcessMain.js:47:154918)
    at async h.doSync (file:///var/lib/snapd/snap/code/57/usr/share/code/resources/app/out/vs/code/electron-browser/sharedProcess/sharedProcessMain.js:47:149515)
[2021-03-10 21:27:51.976] [settingssync] [error] RequestFailed (UserDataSyncError) syncResource:unknown operationId:unknown: Connection refused for the request 'https://vscode-sync.trafficmanager.net/v1/manifest'.
    at m.request (file:///var/lib/snapd/snap/code/57/usr/share/code/resources/app/out/vs/code/electron-browser/sharedProcess/sharedProcessMain.js:47:185451)
    at async manifest (file:///var/lib/snapd/snap/code/57/usr/share/code/resources/app/out/vs/code/electron-browser/sharedProcess/sharedProcessMain.js:47:183700)
    at async s.createSyncTask (file:///var/lib/snapd/snap/code/57/usr/share/code/resources/app/out/vs/code/electron-browser/sharedProcess/sharedProcessMain.js:47:154918)
    at async h.doSync (file:///var/lib/snapd/snap/code/57/usr/share/code/resources/app/out/vs/code/electron-browser/sharedProcess/sharedProcessMain.js:47:149515)
