[2021-03-11 15:27:17.954] [sharedprocess] [info] Installing extension: ms-python.python
[2021-03-11 15:27:17.955] [sharedprocess] [info] Installing extension: ms-python.vscode-pylance
[2021-03-11 15:27:49.984] [sharedprocess] [info] Starting to clean up unused language packs.
[2021-03-11 15:30:29.408] [sharedprocess] [error] Failed to install extension: ms-python.python XHR failed
[2021-03-11 15:30:29.414] [sharedprocess] [error] Failed to install extension: ms-python.vscode-pylance XHR failed
[2021-03-11 15:30:29.417] [sharedprocess] [error] [uncaught exception in sharedProcess]: XHR failed: downloading: XHR failed
    at G.downloadInstallableExtension (file:///var/lib/snapd/snap/code/57/usr/share/code/resources/app/out/vs/code/electron-browser/sharedProcess/sharedProcessMain.js:47:211660)
    at async G.doInstallFromGallery (file:///var/lib/snapd/snap/code/57/usr/share/code/resources/app/out/vs/code/electron-browser/sharedProcess/sharedProcessMain.js:47:209087)
[2021-03-11 15:30:29.417] [sharedprocess] [error] [uncaught exception in sharedProcess]: XHR failed: downloading: XHR failed
    at G.downloadInstallableExtension (file:///var/lib/snapd/snap/code/57/usr/share/code/resources/app/out/vs/code/electron-browser/sharedProcess/sharedProcessMain.js:47:211660)
    at async G.doInstallFromGallery (file:///var/lib/snapd/snap/code/57/usr/share/code/resources/app/out/vs/code/electron-browser/sharedProcess/sharedProcessMain.js:47:209087)
[2021-03-11 15:30:29.581] [sharedprocess] [info] Installing extension: ms-python.python
[2021-03-11 15:30:29.582] [sharedprocess] [info] Installing extension: ms-python.vscode-pylance
[2021-03-11 15:31:27.538] [sharedprocess] [info] Downloaded extension: ms-python.vscode-pylance undefined
[2021-03-11 15:31:29.576] [sharedprocess] [info] Downloaded extension: ms-python.python undefined
[2021-03-11 15:31:30.895] [sharedprocess] [info] Extracted extension to /home/sarthak/.vscode/extensions/.ms-python.vscode-pylance-2021.3.1: ms-python.vscode-pylance
[2021-03-11 15:31:30.896] [sharedprocess] [info] Renamed to /home/sarthak/.vscode/extensions/ms-python.vscode-pylance-2021.3.1
[2021-03-11 15:31:30.897] [sharedprocess] [info] Installation completed. ms-python.vscode-pylance
[2021-03-11 15:31:31.154] [sharedprocess] [info] Extensions installed successfully: ms-python.vscode-pylance
[2021-03-11 15:31:31.778] [sharedprocess] [info] Extracted extension to /home/sarthak/.vscode/extensions/.ms-python.python-2021.2.636928669: ms-python.python
[2021-03-11 15:31:31.778] [sharedprocess] [info] Renamed to /home/sarthak/.vscode/extensions/ms-python.python-2021.2.636928669
[2021-03-11 15:31:31.780] [sharedprocess] [info] Installation completed. ms-python.python
[2021-03-11 15:31:33.517] [sharedprocess] [info] Extensions installed successfully: ms-python.python
