[2021-03-11 17:11:42.627] [settingssync] [info] Using settings sync service https://vscode-sync.trafficmanager.net/
[2021-03-11 17:11:42.627] [settingssync] [info] Auto Sync is enabled.
[2021-03-11 17:11:42.627] [settingssync] [info] Auto Sync: Suspended until auth token is available.
[2021-03-11 17:11:45.622] [settingssync] [info] Auto Sync: Started
[2021-03-11 17:11:45.622] [settingssync] [info] Auto Sync: Triggered by Interval
[2021-03-11 17:11:46.056] [settingssync] [info] Settings: No changes found during synchronizing settings.
[2021-03-11 17:11:46.110] [settingssync] [info] Keybindings: No changes found during synchronizing keybindings.
[2021-03-11 17:11:46.138] [settingssync] [info] Snippets: No changes found during synchronizing snippets.
[2021-03-11 17:11:46.160] [settingssync] [info] GlobalState: No changes found during synchronizing ui state.
[2021-03-11 17:11:46.383] [settingssync] [info] Extensions: No changes found during synchronizing extensions.
[2021-03-11 17:11:46.383] [settingssync] [info] Sync done. Took 425ms
[2021-03-11 17:13:08.487] [settingssync] [info] Auto Sync: Triggered by Activity
[2021-03-11 17:13:08.608] [settingssync] [info] Settings: No changes found during synchronizing settings.
[2021-03-11 17:13:08.617] [settingssync] [info] Keybindings: No changes found during synchronizing keybindings.
[2021-03-11 17:13:08.622] [settingssync] [info] Snippets: No changes found during synchronizing snippets.
[2021-03-11 17:13:08.635] [settingssync] [info] GlobalState: No changes found during synchronizing ui state.
[2021-03-11 17:13:08.706] [settingssync] [info] Extensions: No changes found during synchronizing extensions.
[2021-03-11 17:13:08.707] [settingssync] [info] Sync done. Took 139ms
[2021-03-11 17:13:19.147] [settingssync] [info] Auto Sync: Triggered by Activity
[2021-03-11 17:13:19.260] [settingssync] [info] Settings: No changes found during synchronizing settings.
[2021-03-11 17:13:19.264] [settingssync] [info] Keybindings: No changes found during synchronizing keybindings.
[2021-03-11 17:13:19.268] [settingssync] [info] Snippets: No changes found during synchronizing snippets.
[2021-03-11 17:13:19.280] [settingssync] [info] GlobalState: No changes found during synchronizing ui state.
[2021-03-11 17:13:19.331] [settingssync] [info] Extensions: No changes found during synchronizing extensions.
[2021-03-11 17:13:19.332] [settingssync] [info] Sync done. Took 105ms
