[2021-03-11 15:27:10.518] [exthost] [info] extension host started
[2021-03-11 15:27:10.593] [exthost] [info] ExtensionService#_doActivateExtension vscode.microsoft-authentication {"startup":false,"extensionId":{"value":"vscode.microsoft-authentication","_lower":"vscode.microsoft-authentication"},"activationEvent":"onAuthenticationRequest:microsoft"}
[2021-03-11 15:27:10.597] [exthost] [info] ExtensionService#loadCommonJSModule file:///var/lib/snapd/snap/code/57/usr/share/code/resources/app/extensions/microsoft-authentication/dist/extension.js
[2021-03-11 15:27:10.646] [exthost] [info] ExtensionService#_doActivateExtension ms-toolsai.jupyter {"startup":false,"extensionId":{"value":"ms-toolsai.jupyter","_lower":"ms-toolsai.jupyter"},"activationEvent":"onLanguage:python"}
[2021-03-11 15:27:10.647] [exthost] [info] ExtensionService#loadCommonJSModule file:///home/sarthak/.vscode/extensions/ms-toolsai.jupyter-2021.3.619093157/out/client/extension
[2021-03-11 15:27:11.539] [exthost] [info] ExtensionService#_doActivateExtension vscode.debug-auto-launch {"startup":true,"extensionId":{"value":"vscode.debug-auto-launch","_lower":"vscode.debug-auto-launch"},"activationEvent":"*"}
[2021-03-11 15:27:11.539] [exthost] [info] ExtensionService#loadCommonJSModule file:///var/lib/snapd/snap/code/57/usr/share/code/resources/app/extensions/debug-auto-launch/dist/extension
[2021-03-11 15:27:11.555] [exthost] [info] ExtensionService#_doActivateExtension vscode.git {"startup":true,"extensionId":{"value":"vscode.github","_lower":"vscode.github"},"activationEvent":"*"}
[2021-03-11 15:27:11.555] [exthost] [info] ExtensionService#loadCommonJSModule file:///var/lib/snapd/snap/code/57/usr/share/code/resources/app/extensions/git/dist/main
[2021-03-11 15:27:11.704] [exthost] [info] ExtensionService#_doActivateExtension sainnhe.gruvbox-material {"startup":true,"extensionId":{"value":"sainnhe.gruvbox-material","_lower":"sainnhe.gruvbox-material"},"activationEvent":"*"}
[2021-03-11 15:27:11.704] [exthost] [info] ExtensionService#loadCommonJSModule file:///home/sarthak/.vscode/extensions/sainnhe.gruvbox-material-6.3.6/out/extension.js
[2021-03-11 15:27:12.532] [exthost] [info] ExtensionService#_doActivateExtension zhuangtongfa.material-theme {"startup":true,"extensionId":{"value":"zhuangtongfa.material-theme","_lower":"zhuangtongfa.material-theme"},"activationEvent":"*"}
[2021-03-11 15:27:12.532] [exthost] [info] ExtensionService#loadCommonJSModule file:///home/sarthak/.vscode/extensions/zhuangtongfa.material-theme-3.9.15/out/extension.js
[2021-03-11 15:27:13.828] [exthost] [info] ExtensionService#_doActivateExtension vscode.github {"startup":true,"extensionId":{"value":"vscode.github","_lower":"vscode.github"},"activationEvent":"*"}
[2021-03-11 15:27:13.828] [exthost] [info] ExtensionService#loadCommonJSModule file:///var/lib/snapd/snap/code/57/usr/share/code/resources/app/extensions/github/dist/extension.js
[2021-03-11 15:27:14.474] [exthost] [info] eager extensions activated
[2021-03-11 15:27:14.524] [exthost] [info] ExtensionService#_doActivateExtension ms-vscode.js-debug {"startup":false,"extensionId":{"value":"ms-vscode.js-debug","_lower":"ms-vscode.js-debug"},"activationEvent":"onCommand:extension.js-debug.clearAutoAttachVariables"}
[2021-03-11 15:27:14.524] [exthost] [info] ExtensionService#loadCommonJSModule file:///var/lib/snapd/snap/code/57/usr/share/code/resources/app/extensions/ms-vscode.js-debug/src/extension.js
[2021-03-11 15:27:14.822] [exthost] [info] ExtensionService#_doActivateExtension vscode.emmet {"startup":false,"extensionId":{"value":"vscode.emmet","_lower":"vscode.emmet"},"activationEvent":"onStartupFinished"}
[2021-03-11 15:27:14.822] [exthost] [info] ExtensionService#loadCommonJSModule file:///var/lib/snapd/snap/code/57/usr/share/code/resources/app/extensions/emmet/dist/node/emmetNodeMain
[2021-03-11 15:27:14.857] [exthost] [info] ExtensionService#_doActivateExtension vscode.merge-conflict {"startup":false,"extensionId":{"value":"vscode.merge-conflict","_lower":"vscode.merge-conflict"},"activationEvent":"onStartupFinished"}
[2021-03-11 15:27:14.857] [exthost] [info] ExtensionService#loadCommonJSModule file:///var/lib/snapd/snap/code/57/usr/share/code/resources/app/extensions/merge-conflict/dist/mergeConflictMain
[2021-03-11 15:27:14.892] [exthost] [info] ExtensionService#_doActivateExtension vscode.testing-editor-contributions {"startup":false,"extensionId":{"value":"vscode.testing-editor-contributions","_lower":"vscode.testing-editor-contributions"},"activationEvent":"onStartupFinished"}
[2021-03-11 15:27:14.892] [exthost] [info] ExtensionService#loadCommonJSModule file:///var/lib/snapd/snap/code/57/usr/share/code/resources/app/extensions/testing-editor-contributions/dist/extension.js
[2021-03-11 15:27:15.101] [exthost] [info] ExtensionService#_doActivateExtension ms-python.python {"startup":false,"extensionId":{"value":"ms-python.vscode-pylance","_lower":"ms-python.vscode-pylance"},"activationEvent":"onLanguage:python"}
[2021-03-11 15:27:15.101] [exthost] [info] ExtensionService#loadCommonJSModule file:///home/sarthak/.vscode/extensions/ms-python.python-2021.2.633441544/out/client/extension
[2021-03-11 15:27:15.649] [exthost] [info] ExtensionService#_doActivateExtension vscode.github-authentication {"startup":false,"extensionId":{"value":"vscode.github-authentication","_lower":"vscode.github-authentication"},"activationEvent":"onAuthenticationRequest:github"}
[2021-03-11 15:27:15.649] [exthost] [info] ExtensionService#loadCommonJSModule file:///var/lib/snapd/snap/code/57/usr/share/code/resources/app/extensions/github-authentication/dist/extension.js
[2021-03-11 15:27:16.077] [exthost] [info] ExtensionService#_doActivateExtension ms-python.vscode-pylance {"startup":false,"extensionId":{"value":"ms-python.vscode-pylance","_lower":"ms-python.vscode-pylance"},"activationEvent":"onLanguage:python"}
[2021-03-11 15:27:16.077] [exthost] [info] ExtensionService#loadCommonJSModule file:///home/sarthak/.vscode/extensions/ms-python.vscode-pylance-2021.3.0/dist/extension.bundle.js
[2021-03-11 15:27:26.581] [exthost] [info] ExtensionService#_doActivateExtension vscode.configuration-editing {"startup":false,"extensionId":{"value":"vscode.configuration-editing","_lower":"vscode.configuration-editing"},"activationEvent":"onLanguage:jsonc"}
[2021-03-11 15:27:26.581] [exthost] [info] ExtensionService#loadCommonJSModule file:///var/lib/snapd/snap/code/57/usr/share/code/resources/app/extensions/configuration-editing/dist/configurationEditingMain
[2021-03-11 15:27:26.665] [exthost] [info] ExtensionService#_doActivateExtension vscode.json-language-features {"startup":false,"extensionId":{"value":"vscode.json-language-features","_lower":"vscode.json-language-features"},"activationEvent":"onLanguage:jsonc"}
[2021-03-11 15:27:26.665] [exthost] [info] ExtensionService#loadCommonJSModule file:///var/lib/snapd/snap/code/57/usr/share/code/resources/app/extensions/json-language-features/client/dist/node/jsonClientMain
[2021-03-11 15:27:26.748] [exthost] [info] ExtensionService#_doActivateExtension vscode.typescript-language-features {"startup":false,"extensionId":{"value":"vscode.typescript-language-features","_lower":"vscode.typescript-language-features"},"activationEvent":"onLanguage:jsonc"}
[2021-03-11 15:27:26.748] [exthost] [info] ExtensionService#loadCommonJSModule file:///var/lib/snapd/snap/code/57/usr/share/code/resources/app/extensions/typescript-language-features/dist/extension
[2021-03-11 15:28:40.184] [exthost] [info] extension host terminating: received terminate message from renderer
[2021-03-11 15:28:41.215] [exthost] [info] exiting with code 0
[2021-03-11 15:28:41.556] [exthost] [info] extension host started
[2021-03-11 15:28:41.577] [exthost] [info] ExtensionService#_doActivateExtension vscode.microsoft-authentication {"startup":false,"extensionId":{"value":"vscode.microsoft-authentication","_lower":"vscode.microsoft-authentication"},"activationEvent":"onAuthenticationRequest:microsoft"}
[2021-03-11 15:28:41.577] [exthost] [info] ExtensionService#loadCommonJSModule file:///var/lib/snapd/snap/code/57/usr/share/code/resources/app/extensions/microsoft-authentication/dist/extension.js
[2021-03-11 15:28:41.583] [exthost] [info] ExtensionService#_doActivateExtension vscode.debug-auto-launch {"startup":true,"extensionId":{"value":"vscode.debug-auto-launch","_lower":"vscode.debug-auto-launch"},"activationEvent":"*"}
[2021-03-11 15:28:41.583] [exthost] [info] ExtensionService#loadCommonJSModule file:///var/lib/snapd/snap/code/57/usr/share/code/resources/app/extensions/debug-auto-launch/dist/extension
[2021-03-11 15:28:41.585] [exthost] [info] ExtensionService#_doActivateExtension vscode.git {"startup":true,"extensionId":{"value":"vscode.github","_lower":"vscode.github"},"activationEvent":"*"}
[2021-03-11 15:28:41.585] [exthost] [info] ExtensionService#loadCommonJSModule file:///var/lib/snapd/snap/code/57/usr/share/code/resources/app/extensions/git/dist/main
[2021-03-11 15:28:41.598] [exthost] [info] ExtensionService#_doActivateExtension sainnhe.gruvbox-material {"startup":true,"extensionId":{"value":"sainnhe.gruvbox-material","_lower":"sainnhe.gruvbox-material"},"activationEvent":"*"}
[2021-03-11 15:28:41.598] [exthost] [info] ExtensionService#loadCommonJSModule file:///home/sarthak/.vscode/extensions/sainnhe.gruvbox-material-6.3.6/out/extension.js
[2021-03-11 15:28:41.615] [exthost] [info] ExtensionService#_doActivateExtension zhuangtongfa.material-theme {"startup":true,"extensionId":{"value":"zhuangtongfa.material-theme","_lower":"zhuangtongfa.material-theme"},"activationEvent":"*"}
[2021-03-11 15:28:41.615] [exthost] [info] ExtensionService#loadCommonJSModule file:///home/sarthak/.vscode/extensions/zhuangtongfa.material-theme-3.9.15/out/extension.js
[2021-03-11 15:28:41.724] [exthost] [info] ExtensionService#_doActivateExtension vscode.github {"startup":true,"extensionId":{"value":"vscode.github","_lower":"vscode.github"},"activationEvent":"*"}
[2021-03-11 15:28:41.724] [exthost] [info] ExtensionService#loadCommonJSModule file:///var/lib/snapd/snap/code/57/usr/share/code/resources/app/extensions/github/dist/extension.js
[2021-03-11 15:28:41.727] [exthost] [info] ExtensionService#_doActivateExtension ms-vscode.js-debug {"startup":false,"extensionId":{"value":"ms-vscode.js-debug","_lower":"ms-vscode.js-debug"},"activationEvent":"onCommand:extension.js-debug.clearAutoAttachVariables"}
[2021-03-11 15:28:41.727] [exthost] [info] ExtensionService#loadCommonJSModule file:///var/lib/snapd/snap/code/57/usr/share/code/resources/app/extensions/ms-vscode.js-debug/src/extension.js
[2021-03-11 15:28:41.799] [exthost] [info] eager extensions activated
[2021-03-11 15:28:41.810] [exthost] [info] ExtensionService#_doActivateExtension vscode.github-authentication {"startup":false,"extensionId":{"value":"vscode.github-authentication","_lower":"vscode.github-authentication"},"activationEvent":"onAuthenticationRequest:github"}
[2021-03-11 15:28:41.810] [exthost] [info] ExtensionService#loadCommonJSModule file:///var/lib/snapd/snap/code/57/usr/share/code/resources/app/extensions/github-authentication/dist/extension.js
[2021-03-11 15:28:41.816] [exthost] [info] ExtensionService#_doActivateExtension vscode.emmet {"startup":false,"extensionId":{"value":"vscode.emmet","_lower":"vscode.emmet"},"activationEvent":"onStartupFinished"}
[2021-03-11 15:28:41.816] [exthost] [info] ExtensionService#loadCommonJSModule file:///var/lib/snapd/snap/code/57/usr/share/code/resources/app/extensions/emmet/dist/node/emmetNodeMain
[2021-03-11 15:28:41.820] [exthost] [info] ExtensionService#_doActivateExtension vscode.merge-conflict {"startup":false,"extensionId":{"value":"vscode.merge-conflict","_lower":"vscode.merge-conflict"},"activationEvent":"onStartupFinished"}
[2021-03-11 15:28:41.820] [exthost] [info] ExtensionService#loadCommonJSModule file:///var/lib/snapd/snap/code/57/usr/share/code/resources/app/extensions/merge-conflict/dist/mergeConflictMain
[2021-03-11 15:28:41.824] [exthost] [info] ExtensionService#_doActivateExtension vscode.testing-editor-contributions {"startup":false,"extensionId":{"value":"vscode.testing-editor-contributions","_lower":"vscode.testing-editor-contributions"},"activationEvent":"onStartupFinished"}
[2021-03-11 15:28:41.824] [exthost] [info] ExtensionService#loadCommonJSModule file:///var/lib/snapd/snap/code/57/usr/share/code/resources/app/extensions/testing-editor-contributions/dist/extension.js
[2021-03-11 15:30:28.041] [exthost] [info] ExtensionService#_doActivateExtension ms-toolsai.jupyter {"startup":false,"extensionId":{"value":"ms-toolsai.jupyter","_lower":"ms-toolsai.jupyter"},"activationEvent":"onLanguage:python"}
[2021-03-11 15:30:28.041] [exthost] [info] ExtensionService#loadCommonJSModule file:///home/sarthak/.vscode/extensions/ms-toolsai.jupyter-2021.3.619093157/out/client/extension
[2021-03-11 15:30:28.422] [exthost] [info] ExtensionService#_doActivateExtension ms-python.python {"startup":false,"extensionId":{"value":"ms-python.vscode-pylance","_lower":"ms-python.vscode-pylance"},"activationEvent":"onLanguage:python"}
[2021-03-11 15:30:28.423] [exthost] [info] ExtensionService#loadCommonJSModule file:///home/sarthak/.vscode/extensions/ms-python.python-2021.2.633441544/out/client/extension
[2021-03-11 15:30:28.729] [exthost] [info] ExtensionService#_doActivateExtension ms-python.vscode-pylance {"startup":false,"extensionId":{"value":"ms-python.vscode-pylance","_lower":"ms-python.vscode-pylance"},"activationEvent":"onLanguage:python"}
[2021-03-11 15:30:28.729] [exthost] [info] ExtensionService#loadCommonJSModule file:///home/sarthak/.vscode/extensions/ms-python.vscode-pylance-2021.3.0/dist/extension.bundle.js
[2021-03-11 15:30:53.713] [exthost] [error] [ms-python.python] provider FAILED
[2021-03-11 15:30:53.713] [exthost] [error] Canceled: Canceled
	at E.makeCancelError (/home/sarthak/.vscode/extensions/ms-python.python-2021.2.633441544/out/client/extension.js:9:175214)
	at E.handleFailedRequest (/home/sarthak/.vscode/extensions/ms-python.python-2021.2.633441544/out/client/extension.js:9:175065)
	at /home/sarthak/.vscode/extensions/ms-python.python-2021.2.633441544/out/client/extension.js:9:140219
[2021-03-11 15:31:54.401] [exthost] [info] ExtensionService#_doActivateExtension vscode.configuration-editing {"startup":false,"extensionId":{"value":"vscode.configuration-editing","_lower":"vscode.configuration-editing"},"activationEvent":"onLanguage:jsonc"}
[2021-03-11 15:31:54.401] [exthost] [info] ExtensionService#loadCommonJSModule file:///var/lib/snapd/snap/code/57/usr/share/code/resources/app/extensions/configuration-editing/dist/configurationEditingMain
[2021-03-11 15:31:54.405] [exthost] [info] ExtensionService#_doActivateExtension vscode.json-language-features {"startup":false,"extensionId":{"value":"vscode.json-language-features","_lower":"vscode.json-language-features"},"activationEvent":"onLanguage:jsonc"}
[2021-03-11 15:31:54.405] [exthost] [info] ExtensionService#loadCommonJSModule file:///var/lib/snapd/snap/code/57/usr/share/code/resources/app/extensions/json-language-features/client/dist/node/jsonClientMain
[2021-03-11 15:31:54.421] [exthost] [info] ExtensionService#_doActivateExtension vscode.typescript-language-features {"startup":false,"extensionId":{"value":"vscode.typescript-language-features","_lower":"vscode.typescript-language-features"},"activationEvent":"onLanguage:jsonc"}
[2021-03-11 15:31:54.421] [exthost] [info] ExtensionService#loadCommonJSModule file:///var/lib/snapd/snap/code/57/usr/share/code/resources/app/extensions/typescript-language-features/dist/extension
[2021-03-11 15:34:48.099] [exthost] [error] [ms-python.python] provider FAILED
[2021-03-11 15:34:48.099] [exthost] [error] Canceled: Canceled
	at E.makeCancelError (/home/sarthak/.vscode/extensions/ms-python.python-2021.2.633441544/out/client/extension.js:9:175214)
	at E.handleFailedRequest (/home/sarthak/.vscode/extensions/ms-python.python-2021.2.633441544/out/client/extension.js:9:175065)
	at /home/sarthak/.vscode/extensions/ms-python.python-2021.2.633441544/out/client/extension.js:9:135573
[2021-03-11 15:35:03.612] [exthost] [error] [ms-python.python] provider FAILED
[2021-03-11 15:35:03.612] [exthost] [error] Canceled: Canceled
	at E.makeCancelError (/home/sarthak/.vscode/extensions/ms-python.python-2021.2.633441544/out/client/extension.js:9:175214)
	at E.handleFailedRequest (/home/sarthak/.vscode/extensions/ms-python.python-2021.2.633441544/out/client/extension.js:9:175065)
	at /home/sarthak/.vscode/extensions/ms-python.python-2021.2.633441544/out/client/extension.js:9:135573
[2021-03-11 15:35:12.927] [exthost] [error] [ms-python.python] provider FAILED
[2021-03-11 15:35:12.928] [exthost] [error] Canceled: Canceled
	at E.makeCancelError (/home/sarthak/.vscode/extensions/ms-python.python-2021.2.633441544/out/client/extension.js:9:175214)
	at E.handleFailedRequest (/home/sarthak/.vscode/extensions/ms-python.python-2021.2.633441544/out/client/extension.js:9:175065)
	at /home/sarthak/.vscode/extensions/ms-python.python-2021.2.633441544/out/client/extension.js:9:135573
[2021-03-11 15:35:35.838] [exthost] [error] [ms-python.python] provider FAILED
[2021-03-11 15:35:35.839] [exthost] [error] Canceled: Canceled
	at E.makeCancelError (/home/sarthak/.vscode/extensions/ms-python.python-2021.2.633441544/out/client/extension.js:9:175214)
	at E.handleFailedRequest (/home/sarthak/.vscode/extensions/ms-python.python-2021.2.633441544/out/client/extension.js:9:175065)
	at /home/sarthak/.vscode/extensions/ms-python.python-2021.2.633441544/out/client/extension.js:9:135573
[2021-03-11 15:35:41.488] [exthost] [error] [ms-python.python] provider FAILED
[2021-03-11 15:35:41.488] [exthost] [error] Canceled: Canceled
	at E.makeCancelError (/home/sarthak/.vscode/extensions/ms-python.python-2021.2.633441544/out/client/extension.js:9:175214)
	at E.handleFailedRequest (/home/sarthak/.vscode/extensions/ms-python.python-2021.2.633441544/out/client/extension.js:9:175065)
	at /home/sarthak/.vscode/extensions/ms-python.python-2021.2.633441544/out/client/extension.js:9:135573
[2021-03-11 15:35:42.839] [exthost] [error] [ms-python.python] provider FAILED
[2021-03-11 15:35:42.839] [exthost] [error] Canceled: Canceled
	at E.makeCancelError (/home/sarthak/.vscode/extensions/ms-python.python-2021.2.633441544/out/client/extension.js:9:175214)
	at E.handleFailedRequest (/home/sarthak/.vscode/extensions/ms-python.python-2021.2.633441544/out/client/extension.js:9:175065)
	at /home/sarthak/.vscode/extensions/ms-python.python-2021.2.633441544/out/client/extension.js:9:143092
[2021-03-11 15:41:02.424] [exthost] [error] [ms-python.python] provider FAILED
[2021-03-11 15:41:02.425] [exthost] [error] Canceled: Canceled
	at E.makeCancelError (/home/sarthak/.vscode/extensions/ms-python.python-2021.2.633441544/out/client/extension.js:9:175214)
	at E.handleFailedRequest (/home/sarthak/.vscode/extensions/ms-python.python-2021.2.633441544/out/client/extension.js:9:175065)
	at /home/sarthak/.vscode/extensions/ms-python.python-2021.2.633441544/out/client/extension.js:9:139165
[2021-03-11 15:42:33.444] [exthost] [info] extension host terminating: received terminate message from renderer
[2021-03-11 15:42:34.473] [exthost] [info] exiting with code 0
