[2021-03-10 15:01:35.021] [settingssync] [info] Using settings sync service https://vscode-sync.trafficmanager.net/
[2021-03-10 15:01:35.021] [settingssync] [info] Auto Sync is enabled.
[2021-03-10 15:01:35.021] [settingssync] [info] Auto Sync: Suspended until auth token is available.
[2021-03-10 15:01:37.640] [settingssync] [info] Auto Sync: Started
[2021-03-10 15:01:37.640] [settingssync] [info] Auto Sync: Triggered by Interval
[2021-03-10 15:01:37.649] [settingssync] [info] Request failed https://vscode-sync.trafficmanager.net/v1/manifest
[2021-03-10 15:01:37.651] [settingssync] [error] RequestFailed (UserDataSyncError) syncResource:unknown operationId:unknown: Connection refused for the request 'https://vscode-sync.trafficmanager.net/v1/manifest'.
    at m.request (file:///var/lib/snapd/snap/code/57/usr/share/code/resources/app/out/vs/code/electron-browser/sharedProcess/sharedProcessMain.js:47:185451)
    at async manifest (file:///var/lib/snapd/snap/code/57/usr/share/code/resources/app/out/vs/code/electron-browser/sharedProcess/sharedProcessMain.js:47:183700)
    at async s.createSyncTask (file:///var/lib/snapd/snap/code/57/usr/share/code/resources/app/out/vs/code/electron-browser/sharedProcess/sharedProcessMain.js:47:154918)
    at async h.doSync (file:///var/lib/snapd/snap/code/57/usr/share/code/resources/app/out/vs/code/electron-browser/sharedProcess/sharedProcessMain.js:47:149515)
[2021-03-10 15:01:37.651] [settingssync] [error] RequestFailed (UserDataSyncError) syncResource:unknown operationId:unknown: Connection refused for the request 'https://vscode-sync.trafficmanager.net/v1/manifest'.
    at m.request (file:///var/lib/snapd/snap/code/57/usr/share/code/resources/app/out/vs/code/electron-browser/sharedProcess/sharedProcessMain.js:47:185451)
    at async manifest (file:///var/lib/snapd/snap/code/57/usr/share/code/resources/app/out/vs/code/electron-browser/sharedProcess/sharedProcessMain.js:47:183700)
    at async s.createSyncTask (file:///var/lib/snapd/snap/code/57/usr/share/code/resources/app/out/vs/code/electron-browser/sharedProcess/sharedProcessMain.js:47:154918)
    at async h.doSync (file:///var/lib/snapd/snap/code/57/usr/share/code/resources/app/out/vs/code/electron-browser/sharedProcess/sharedProcessMain.js:47:149515)
[2021-03-10 15:02:02.386] [settingssync] [info] Auto Sync: Triggered by Activity
[2021-03-10 15:02:02.395] [settingssync] [info] Request failed https://vscode-sync.trafficmanager.net/v1/manifest
[2021-03-10 15:02:02.396] [settingssync] [error] RequestFailed (UserDataSyncError) syncResource:unknown operationId:unknown: Connection refused for the request 'https://vscode-sync.trafficmanager.net/v1/manifest'.
    at m.request (file:///var/lib/snapd/snap/code/57/usr/share/code/resources/app/out/vs/code/electron-browser/sharedProcess/sharedProcessMain.js:47:185451)
    at async manifest (file:///var/lib/snapd/snap/code/57/usr/share/code/resources/app/out/vs/code/electron-browser/sharedProcess/sharedProcessMain.js:47:183700)
    at async s.createSyncTask (file:///var/lib/snapd/snap/code/57/usr/share/code/resources/app/out/vs/code/electron-browser/sharedProcess/sharedProcessMain.js:47:154918)
    at async h.doSync (file:///var/lib/snapd/snap/code/57/usr/share/code/resources/app/out/vs/code/electron-browser/sharedProcess/sharedProcessMain.js:47:149515)
[2021-03-10 15:02:02.396] [settingssync] [error] RequestFailed (UserDataSyncError) syncResource:unknown operationId:unknown: Connection refused for the request 'https://vscode-sync.trafficmanager.net/v1/manifest'.
    at m.request (file:///var/lib/snapd/snap/code/57/usr/share/code/resources/app/out/vs/code/electron-browser/sharedProcess/sharedProcessMain.js:47:185451)
    at async manifest (file:///var/lib/snapd/snap/code/57/usr/share/code/resources/app/out/vs/code/electron-browser/sharedProcess/sharedProcessMain.js:47:183700)
    at async s.createSyncTask (file:///var/lib/snapd/snap/code/57/usr/share/code/resources/app/out/vs/code/electron-browser/sharedProcess/sharedProcessMain.js:47:154918)
    at async h.doSync (file:///var/lib/snapd/snap/code/57/usr/share/code/resources/app/out/vs/code/electron-browser/sharedProcess/sharedProcessMain.js:47:149515)
[2021-03-10 15:02:15.994] [settingssync] [info] Auto Sync: Triggered by Activity
[2021-03-10 15:02:16.002] [settingssync] [info] Request failed https://vscode-sync.trafficmanager.net/v1/manifest
[2021-03-10 15:02:16.002] [settingssync] [error] RequestFailed (UserDataSyncError) syncResource:unknown operationId:unknown: Connection refused for the request 'https://vscode-sync.trafficmanager.net/v1/manifest'.
    at m.request (file:///var/lib/snapd/snap/code/57/usr/share/code/resources/app/out/vs/code/electron-browser/sharedProcess/sharedProcessMain.js:47:185451)
    at async manifest (file:///var/lib/snapd/snap/code/57/usr/share/code/resources/app/out/vs/code/electron-browser/sharedProcess/sharedProcessMain.js:47:183700)
    at async s.createSyncTask (file:///var/lib/snapd/snap/code/57/usr/share/code/resources/app/out/vs/code/electron-browser/sharedProcess/sharedProcessMain.js:47:154918)
    at async h.doSync (file:///var/lib/snapd/snap/code/57/usr/share/code/resources/app/out/vs/code/electron-browser/sharedProcess/sharedProcessMain.js:47:149515)
[2021-03-10 15:02:16.003] [settingssync] [error] RequestFailed (UserDataSyncError) syncResource:unknown operationId:unknown: Connection refused for the request 'https://vscode-sync.trafficmanager.net/v1/manifest'.
    at m.request (file:///var/lib/snapd/snap/code/57/usr/share/code/resources/app/out/vs/code/electron-browser/sharedProcess/sharedProcessMain.js:47:185451)
    at async manifest (file:///var/lib/snapd/snap/code/57/usr/share/code/resources/app/out/vs/code/electron-browser/sharedProcess/sharedProcessMain.js:47:183700)
    at async s.createSyncTask (file:///var/lib/snapd/snap/code/57/usr/share/code/resources/app/out/vs/code/electron-browser/sharedProcess/sharedProcessMain.js:47:154918)
    at async h.doSync (file:///var/lib/snapd/snap/code/57/usr/share/code/resources/app/out/vs/code/electron-browser/sharedProcess/sharedProcessMain.js:47:149515)
