[2021-03-11 15:42:41.871] [exthost] [info] extension host started
[2021-03-11 15:42:42.076] [exthost] [info] ExtensionService#_doActivateExtension vscode.microsoft-authentication {"startup":false,"extensionId":{"value":"vscode.microsoft-authentication","_lower":"vscode.microsoft-authentication"},"activationEvent":"onAuthenticationRequest:microsoft"}
[2021-03-11 15:42:42.077] [exthost] [info] ExtensionService#loadCommonJSModule file:///var/lib/snapd/snap/code/57/usr/share/code/resources/app/extensions/microsoft-authentication/dist/extension.js
[2021-03-11 15:42:42.084] [exthost] [info] ExtensionService#_doActivateExtension ms-toolsai.jupyter {"startup":false,"extensionId":{"value":"ms-toolsai.jupyter","_lower":"ms-toolsai.jupyter"},"activationEvent":"onLanguage:python"}
[2021-03-11 15:42:42.084] [exthost] [info] ExtensionService#loadCommonJSModule file:///home/sarthak/.vscode/extensions/ms-toolsai.jupyter-2021.3.619093157/out/client/extension
[2021-03-11 15:42:42.240] [exthost] [info] ExtensionService#_doActivateExtension vscode.debug-auto-launch {"startup":true,"extensionId":{"value":"vscode.debug-auto-launch","_lower":"vscode.debug-auto-launch"},"activationEvent":"*"}
[2021-03-11 15:42:42.240] [exthost] [info] ExtensionService#loadCommonJSModule file:///var/lib/snapd/snap/code/57/usr/share/code/resources/app/extensions/debug-auto-launch/dist/extension
[2021-03-11 15:42:42.245] [exthost] [info] ExtensionService#_doActivateExtension vscode.git {"startup":true,"extensionId":{"value":"vscode.github","_lower":"vscode.github"},"activationEvent":"*"}
[2021-03-11 15:42:42.245] [exthost] [info] ExtensionService#loadCommonJSModule file:///var/lib/snapd/snap/code/57/usr/share/code/resources/app/extensions/git/dist/main
[2021-03-11 15:42:42.268] [exthost] [info] ExtensionService#_doActivateExtension sainnhe.gruvbox-material {"startup":true,"extensionId":{"value":"sainnhe.gruvbox-material","_lower":"sainnhe.gruvbox-material"},"activationEvent":"*"}
[2021-03-11 15:42:42.268] [exthost] [info] ExtensionService#loadCommonJSModule file:///home/sarthak/.vscode/extensions/sainnhe.gruvbox-material-6.3.6/out/extension.js
[2021-03-11 15:42:42.284] [exthost] [info] ExtensionService#_doActivateExtension zhuangtongfa.material-theme {"startup":true,"extensionId":{"value":"zhuangtongfa.material-theme","_lower":"zhuangtongfa.material-theme"},"activationEvent":"*"}
[2021-03-11 15:42:42.284] [exthost] [info] ExtensionService#loadCommonJSModule file:///home/sarthak/.vscode/extensions/zhuangtongfa.material-theme-3.9.15/out/extension.js
[2021-03-11 15:42:42.627] [exthost] [info] ExtensionService#_doActivateExtension vscode.github {"startup":true,"extensionId":{"value":"vscode.github","_lower":"vscode.github"},"activationEvent":"*"}
[2021-03-11 15:42:42.627] [exthost] [info] ExtensionService#loadCommonJSModule file:///var/lib/snapd/snap/code/57/usr/share/code/resources/app/extensions/github/dist/extension.js
[2021-03-11 15:42:42.647] [exthost] [info] ExtensionService#_doActivateExtension ms-vscode.js-debug {"startup":false,"extensionId":{"value":"ms-vscode.js-debug","_lower":"ms-vscode.js-debug"},"activationEvent":"onCommand:extension.js-debug.clearAutoAttachVariables"}
[2021-03-11 15:42:42.647] [exthost] [info] ExtensionService#loadCommonJSModule file:///var/lib/snapd/snap/code/57/usr/share/code/resources/app/extensions/ms-vscode.js-debug/src/extension.js
[2021-03-11 15:42:42.707] [exthost] [info] ExtensionService#_doActivateExtension ms-python.python {"startup":false,"extensionId":{"value":"ms-python.vscode-pylance","_lower":"ms-python.vscode-pylance"},"activationEvent":"onLanguage:python"}
[2021-03-11 15:42:42.707] [exthost] [info] ExtensionService#loadCommonJSModule file:///home/sarthak/.vscode/extensions/ms-python.python-2021.2.636928669/out/client/extension
[2021-03-11 15:42:42.904] [exthost] [info] eager extensions activated
[2021-03-11 15:42:42.915] [exthost] [info] ExtensionService#_doActivateExtension vscode.emmet {"startup":false,"extensionId":{"value":"vscode.emmet","_lower":"vscode.emmet"},"activationEvent":"onStartupFinished"}
[2021-03-11 15:42:42.915] [exthost] [info] ExtensionService#loadCommonJSModule file:///var/lib/snapd/snap/code/57/usr/share/code/resources/app/extensions/emmet/dist/node/emmetNodeMain
[2021-03-11 15:42:42.921] [exthost] [info] ExtensionService#_doActivateExtension vscode.merge-conflict {"startup":false,"extensionId":{"value":"vscode.merge-conflict","_lower":"vscode.merge-conflict"},"activationEvent":"onStartupFinished"}
[2021-03-11 15:42:42.922] [exthost] [info] ExtensionService#loadCommonJSModule file:///var/lib/snapd/snap/code/57/usr/share/code/resources/app/extensions/merge-conflict/dist/mergeConflictMain
[2021-03-11 15:42:42.924] [exthost] [info] ExtensionService#_doActivateExtension vscode.testing-editor-contributions {"startup":false,"extensionId":{"value":"vscode.testing-editor-contributions","_lower":"vscode.testing-editor-contributions"},"activationEvent":"onStartupFinished"}
[2021-03-11 15:42:42.924] [exthost] [info] ExtensionService#loadCommonJSModule file:///var/lib/snapd/snap/code/57/usr/share/code/resources/app/extensions/testing-editor-contributions/dist/extension.js
[2021-03-11 15:42:43.401] [exthost] [info] ExtensionService#_doActivateExtension vscode.github-authentication {"startup":false,"extensionId":{"value":"vscode.github-authentication","_lower":"vscode.github-authentication"},"activationEvent":"onAuthenticationRequest:github"}
[2021-03-11 15:42:43.401] [exthost] [info] ExtensionService#loadCommonJSModule file:///var/lib/snapd/snap/code/57/usr/share/code/resources/app/extensions/github-authentication/dist/extension.js
[2021-03-11 15:42:43.957] [exthost] [info] ExtensionService#_doActivateExtension ms-python.vscode-pylance {"startup":false,"extensionId":{"value":"ms-python.vscode-pylance","_lower":"ms-python.vscode-pylance"},"activationEvent":"onLanguage:python"}
[2021-03-11 15:42:43.957] [exthost] [info] ExtensionService#loadCommonJSModule file:///home/sarthak/.vscode/extensions/ms-python.vscode-pylance-2021.3.1/dist/extension.bundle.js
[2021-03-11 15:42:45.193] [exthost] [info] ExtensionService#_doActivateExtension vscode.configuration-editing {"startup":false,"extensionId":{"value":"vscode.configuration-editing","_lower":"vscode.configuration-editing"},"activationEvent":"onLanguage:jsonc"}
[2021-03-11 15:42:45.193] [exthost] [info] ExtensionService#loadCommonJSModule file:///var/lib/snapd/snap/code/57/usr/share/code/resources/app/extensions/configuration-editing/dist/configurationEditingMain
[2021-03-11 15:42:45.203] [exthost] [info] ExtensionService#_doActivateExtension vscode.json-language-features {"startup":false,"extensionId":{"value":"vscode.json-language-features","_lower":"vscode.json-language-features"},"activationEvent":"onLanguage:jsonc"}
[2021-03-11 15:42:45.203] [exthost] [info] ExtensionService#loadCommonJSModule file:///var/lib/snapd/snap/code/57/usr/share/code/resources/app/extensions/json-language-features/client/dist/node/jsonClientMain
[2021-03-11 15:42:45.237] [exthost] [info] ExtensionService#_doActivateExtension vscode.typescript-language-features {"startup":false,"extensionId":{"value":"vscode.typescript-language-features","_lower":"vscode.typescript-language-features"},"activationEvent":"onLanguage:jsonc"}
[2021-03-11 15:42:45.237] [exthost] [info] ExtensionService#loadCommonJSModule file:///var/lib/snapd/snap/code/57/usr/share/code/resources/app/extensions/typescript-language-features/dist/extension
[2021-03-11 15:42:46.779] [exthost] [error] [ms-python.python] provider FAILED
[2021-03-11 15:42:46.779] [exthost] [error] Canceled: Canceled
	at E.makeCancelError (/home/sarthak/.vscode/extensions/ms-python.python-2021.2.636928669/out/client/extension.js:9:175214)
	at E.handleFailedRequest (/home/sarthak/.vscode/extensions/ms-python.python-2021.2.636928669/out/client/extension.js:9:175065)
	at /home/sarthak/.vscode/extensions/ms-python.python-2021.2.636928669/out/client/extension.js:9:140219
[2021-03-11 15:42:46.810] [exthost] [error] [ms-python.python] provider FAILED
[2021-03-11 15:42:46.810] [exthost] [error] Canceled: Canceled
	at E.makeCancelError (/home/sarthak/.vscode/extensions/ms-python.python-2021.2.636928669/out/client/extension.js:9:175214)
	at E.handleFailedRequest (/home/sarthak/.vscode/extensions/ms-python.python-2021.2.636928669/out/client/extension.js:9:175065)
	at /home/sarthak/.vscode/extensions/ms-python.python-2021.2.636928669/out/client/extension.js:9:143092
[2021-03-11 15:44:28.144] [exthost] [error] [ms-python.python] provider FAILED
[2021-03-11 15:44:28.149] [exthost] [error] Error: name must not be falsy
	at Function.validate (/var/lib/snapd/snap/code/57/usr/share/code/resources/app/out/vs/workbench/services/extensions/node/extensionHostProcess.js:81:25393)
	at new t (/var/lib/snapd/snap/code/57/usr/share/code/resources/app/out/vs/workbench/services/extensions/node/extensionHostProcess.js:81:25342)
	at new t (/var/lib/snapd/snap/code/57/usr/share/code/resources/app/out/vs/workbench/services/extensions/node/extensionHostProcess.js:81:11705)
	at H (/home/sarthak/.vscode/extensions/ms-python.python-2021.2.636928669/out/client/extension.js:59:149975)
	at Array.map (<anonymous>)
	at Object.asDocumentSymbols (/home/sarthak/.vscode/extensions/ms-python.python-2021.2.636928669/out/client/extension.js:59:155129)
	at /home/sarthak/.vscode/extensions/ms-python.python-2021.2.636928669/out/client/extension.js:9:140141
[2021-03-11 15:44:42.078] [exthost] [error] [ms-python.python] provider FAILED
[2021-03-11 15:44:42.078] [exthost] [error] Error: name must not be falsy
	at Function.validate (/var/lib/snapd/snap/code/57/usr/share/code/resources/app/out/vs/workbench/services/extensions/node/extensionHostProcess.js:81:25393)
	at new t (/var/lib/snapd/snap/code/57/usr/share/code/resources/app/out/vs/workbench/services/extensions/node/extensionHostProcess.js:81:25342)
	at new t (/var/lib/snapd/snap/code/57/usr/share/code/resources/app/out/vs/workbench/services/extensions/node/extensionHostProcess.js:81:11705)
	at H (/home/sarthak/.vscode/extensions/ms-python.python-2021.2.636928669/out/client/extension.js:59:149975)
	at Array.map (<anonymous>)
	at Object.asDocumentSymbols (/home/sarthak/.vscode/extensions/ms-python.python-2021.2.636928669/out/client/extension.js:59:155129)
	at /home/sarthak/.vscode/extensions/ms-python.python-2021.2.636928669/out/client/extension.js:9:140141
[2021-03-11 15:44:43.356] [exthost] [error] [ms-python.python] provider FAILED
[2021-03-11 15:44:43.356] [exthost] [error] Canceled: Canceled
	at E.makeCancelError (/home/sarthak/.vscode/extensions/ms-python.python-2021.2.636928669/out/client/extension.js:9:175214)
	at E.handleFailedRequest (/home/sarthak/.vscode/extensions/ms-python.python-2021.2.636928669/out/client/extension.js:9:175065)
	at /home/sarthak/.vscode/extensions/ms-python.python-2021.2.636928669/out/client/extension.js:9:143092
[2021-03-11 15:44:47.185] [exthost] [error] [ms-python.python] provider FAILED
[2021-03-11 15:44:47.186] [exthost] [error] Canceled: Canceled
	at E.makeCancelError (/home/sarthak/.vscode/extensions/ms-python.python-2021.2.636928669/out/client/extension.js:9:175214)
	at E.handleFailedRequest (/home/sarthak/.vscode/extensions/ms-python.python-2021.2.636928669/out/client/extension.js:9:175065)
	at /home/sarthak/.vscode/extensions/ms-python.python-2021.2.636928669/out/client/extension.js:9:143092
[2021-03-11 15:44:58.766] [exthost] [error] [ms-python.python] provider FAILED
[2021-03-11 15:44:58.767] [exthost] [error] Canceled: Canceled
	at E.makeCancelError (/home/sarthak/.vscode/extensions/ms-python.python-2021.2.636928669/out/client/extension.js:9:175214)
	at E.handleFailedRequest (/home/sarthak/.vscode/extensions/ms-python.python-2021.2.636928669/out/client/extension.js:9:175065)
	at /home/sarthak/.vscode/extensions/ms-python.python-2021.2.636928669/out/client/extension.js:9:143092
[2021-03-11 15:46:33.139] [exthost] [error] [ms-python.python] provider FAILED
[2021-03-11 15:46:33.143] [exthost] [error] Canceled: Canceled
	at E.makeCancelError (/home/sarthak/.vscode/extensions/ms-python.python-2021.2.636928669/out/client/extension.js:9:175214)
	at E.handleFailedRequest (/home/sarthak/.vscode/extensions/ms-python.python-2021.2.636928669/out/client/extension.js:9:175065)
	at /home/sarthak/.vscode/extensions/ms-python.python-2021.2.636928669/out/client/extension.js:9:135573
[2021-03-11 15:48:11.965] [exthost] [error] [ms-python.python] provider FAILED
[2021-03-11 15:48:11.965] [exthost] [error] Canceled: Canceled
	at E.makeCancelError (/home/sarthak/.vscode/extensions/ms-python.python-2021.2.636928669/out/client/extension.js:9:175214)
	at E.handleFailedRequest (/home/sarthak/.vscode/extensions/ms-python.python-2021.2.636928669/out/client/extension.js:9:175065)
	at /home/sarthak/.vscode/extensions/ms-python.python-2021.2.636928669/out/client/extension.js:9:143092
[2021-03-11 15:49:48.817] [exthost] [error] [ms-python.python] provider FAILED
[2021-03-11 15:49:48.817] [exthost] [error] Canceled: Canceled
	at E.makeCancelError (/home/sarthak/.vscode/extensions/ms-python.python-2021.2.636928669/out/client/extension.js:9:175214)
	at E.handleFailedRequest (/home/sarthak/.vscode/extensions/ms-python.python-2021.2.636928669/out/client/extension.js:9:175065)
	at /home/sarthak/.vscode/extensions/ms-python.python-2021.2.636928669/out/client/extension.js:9:135573
[2021-03-11 15:50:37.857] [exthost] [error] [ms-python.python] provider FAILED
[2021-03-11 15:50:37.857] [exthost] [error] Canceled: Canceled
	at E.makeCancelError (/home/sarthak/.vscode/extensions/ms-python.python-2021.2.636928669/out/client/extension.js:9:175214)
	at E.handleFailedRequest (/home/sarthak/.vscode/extensions/ms-python.python-2021.2.636928669/out/client/extension.js:9:175065)
	at /home/sarthak/.vscode/extensions/ms-python.python-2021.2.636928669/out/client/extension.js:9:135573
[2021-03-11 15:50:40.752] [exthost] [error] [ms-python.python] provider FAILED
[2021-03-11 15:50:40.753] [exthost] [error] Canceled: Canceled
	at E.makeCancelError (/home/sarthak/.vscode/extensions/ms-python.python-2021.2.636928669/out/client/extension.js:9:175214)
	at E.handleFailedRequest (/home/sarthak/.vscode/extensions/ms-python.python-2021.2.636928669/out/client/extension.js:9:175065)
	at /home/sarthak/.vscode/extensions/ms-python.python-2021.2.636928669/out/client/extension.js:9:135573
[2021-03-11 15:50:41.045] [exthost] [error] [ms-python.python] provider FAILED
[2021-03-11 15:50:41.045] [exthost] [error] Canceled: Canceled
	at E.makeCancelError (/home/sarthak/.vscode/extensions/ms-python.python-2021.2.636928669/out/client/extension.js:9:175214)
	at E.handleFailedRequest (/home/sarthak/.vscode/extensions/ms-python.python-2021.2.636928669/out/client/extension.js:9:175065)
	at /home/sarthak/.vscode/extensions/ms-python.python-2021.2.636928669/out/client/extension.js:9:135573
[2021-03-11 15:56:39.694] [exthost] [error] [ms-python.python] provider FAILED
[2021-03-11 15:56:39.699] [exthost] [error] Canceled: Canceled
	at E.makeCancelError (/home/sarthak/.vscode/extensions/ms-python.python-2021.2.636928669/out/client/extension.js:9:175214)
	at E.handleFailedRequest (/home/sarthak/.vscode/extensions/ms-python.python-2021.2.636928669/out/client/extension.js:9:175065)
	at /home/sarthak/.vscode/extensions/ms-python.python-2021.2.636928669/out/client/extension.js:9:143092
[2021-03-11 15:57:38.026] [exthost] [error] [ms-python.python] provider FAILED
[2021-03-11 15:57:38.026] [exthost] [error] Canceled: Canceled
	at E.makeCancelError (/home/sarthak/.vscode/extensions/ms-python.python-2021.2.636928669/out/client/extension.js:9:175214)
	at E.handleFailedRequest (/home/sarthak/.vscode/extensions/ms-python.python-2021.2.636928669/out/client/extension.js:9:175065)
	at /home/sarthak/.vscode/extensions/ms-python.python-2021.2.636928669/out/client/extension.js:9:135573
[2021-03-11 15:57:48.637] [exthost] [error] [ms-python.python] provider FAILED
[2021-03-11 15:57:48.637] [exthost] [error] Canceled: Canceled
	at E.makeCancelError (/home/sarthak/.vscode/extensions/ms-python.python-2021.2.636928669/out/client/extension.js:9:175214)
	at E.handleFailedRequest (/home/sarthak/.vscode/extensions/ms-python.python-2021.2.636928669/out/client/extension.js:9:175065)
	at /home/sarthak/.vscode/extensions/ms-python.python-2021.2.636928669/out/client/extension.js:9:143092
[2021-03-11 15:58:22.743] [exthost] [error] [ms-python.python] provider FAILED
[2021-03-11 15:58:22.744] [exthost] [error] Canceled: Canceled
	at E.makeCancelError (/home/sarthak/.vscode/extensions/ms-python.python-2021.2.636928669/out/client/extension.js:9:175214)
	at E.handleFailedRequest (/home/sarthak/.vscode/extensions/ms-python.python-2021.2.636928669/out/client/extension.js:9:175065)
	at /home/sarthak/.vscode/extensions/ms-python.python-2021.2.636928669/out/client/extension.js:9:135573
[2021-03-11 15:59:41.902] [exthost] [error] [ms-python.python] provider FAILED
[2021-03-11 15:59:41.903] [exthost] [error] Canceled: Canceled
	at E.makeCancelError (/home/sarthak/.vscode/extensions/ms-python.python-2021.2.636928669/out/client/extension.js:9:175214)
	at E.handleFailedRequest (/home/sarthak/.vscode/extensions/ms-python.python-2021.2.636928669/out/client/extension.js:9:175065)
	at /home/sarthak/.vscode/extensions/ms-python.python-2021.2.636928669/out/client/extension.js:9:143092
[2021-03-11 15:59:59.184] [exthost] [error] [ms-python.python] provider FAILED
[2021-03-11 15:59:59.184] [exthost] [error] Canceled: Canceled
	at E.makeCancelError (/home/sarthak/.vscode/extensions/ms-python.python-2021.2.636928669/out/client/extension.js:9:175214)
	at E.handleFailedRequest (/home/sarthak/.vscode/extensions/ms-python.python-2021.2.636928669/out/client/extension.js:9:175065)
	at /home/sarthak/.vscode/extensions/ms-python.python-2021.2.636928669/out/client/extension.js:9:143092
[2021-03-11 16:00:49.594] [exthost] [error] [ms-python.python] provider FAILED
[2021-03-11 16:00:49.594] [exthost] [error] Canceled: Canceled
	at E.makeCancelError (/home/sarthak/.vscode/extensions/ms-python.python-2021.2.636928669/out/client/extension.js:9:175214)
	at E.handleFailedRequest (/home/sarthak/.vscode/extensions/ms-python.python-2021.2.636928669/out/client/extension.js:9:175065)
	at /home/sarthak/.vscode/extensions/ms-python.python-2021.2.636928669/out/client/extension.js:9:135573
[2021-03-11 16:02:14.323] [exthost] [error] [ms-python.python] provider FAILED
[2021-03-11 16:02:14.324] [exthost] [error] Canceled: Canceled
	at E.makeCancelError (/home/sarthak/.vscode/extensions/ms-python.python-2021.2.636928669/out/client/extension.js:9:175214)
	at E.handleFailedRequest (/home/sarthak/.vscode/extensions/ms-python.python-2021.2.636928669/out/client/extension.js:9:175065)
	at /home/sarthak/.vscode/extensions/ms-python.python-2021.2.636928669/out/client/extension.js:9:143092
[2021-03-11 16:02:21.699] [exthost] [error] [ms-python.python] provider FAILED
[2021-03-11 16:02:21.699] [exthost] [error] Canceled: Canceled
	at E.makeCancelError (/home/sarthak/.vscode/extensions/ms-python.python-2021.2.636928669/out/client/extension.js:9:175214)
	at E.handleFailedRequest (/home/sarthak/.vscode/extensions/ms-python.python-2021.2.636928669/out/client/extension.js:9:175065)
	at /home/sarthak/.vscode/extensions/ms-python.python-2021.2.636928669/out/client/extension.js:9:143092
[2021-03-11 16:03:06.108] [exthost] [error] [ms-python.python] provider FAILED
[2021-03-11 16:03:06.108] [exthost] [error] Canceled: Canceled
	at E.makeCancelError (/home/sarthak/.vscode/extensions/ms-python.python-2021.2.636928669/out/client/extension.js:9:175214)
	at E.handleFailedRequest (/home/sarthak/.vscode/extensions/ms-python.python-2021.2.636928669/out/client/extension.js:9:175065)
	at /home/sarthak/.vscode/extensions/ms-python.python-2021.2.636928669/out/client/extension.js:9:143092
[2021-03-11 16:03:20.052] [exthost] [error] [ms-python.python] provider FAILED
[2021-03-11 16:03:20.052] [exthost] [error] Canceled: Canceled
	at E.makeCancelError (/home/sarthak/.vscode/extensions/ms-python.python-2021.2.636928669/out/client/extension.js:9:175214)
	at E.handleFailedRequest (/home/sarthak/.vscode/extensions/ms-python.python-2021.2.636928669/out/client/extension.js:9:175065)
	at /home/sarthak/.vscode/extensions/ms-python.python-2021.2.636928669/out/client/extension.js:9:143092
[2021-03-11 16:03:20.384] [exthost] [error] [ms-python.python] provider FAILED
[2021-03-11 16:03:20.384] [exthost] [error] Canceled: Canceled
	at E.makeCancelError (/home/sarthak/.vscode/extensions/ms-python.python-2021.2.636928669/out/client/extension.js:9:175214)
	at E.handleFailedRequest (/home/sarthak/.vscode/extensions/ms-python.python-2021.2.636928669/out/client/extension.js:9:175065)
	at /home/sarthak/.vscode/extensions/ms-python.python-2021.2.636928669/out/client/extension.js:9:143092
[2021-03-11 16:07:23.921] [exthost] [info] extension host terminating: parent process 3613 does not exist anymore: kill ESRCH (code: ESRCH) (errno: ESRCH)
[2021-03-11 16:07:24.958] [exthost] [info] exiting with code 0
[2021-03-11 16:07:25.574] [exthost] [info] extension host started
[2021-03-11 16:07:25.600] [exthost] [info] ExtensionService#_doActivateExtension vscode.microsoft-authentication {"startup":false,"extensionId":{"value":"vscode.microsoft-authentication","_lower":"vscode.microsoft-authentication"},"activationEvent":"onAuthenticationRequest:microsoft"}
[2021-03-11 16:07:25.601] [exthost] [info] ExtensionService#loadCommonJSModule file:///var/lib/snapd/snap/code/57/usr/share/code/resources/app/extensions/microsoft-authentication/dist/extension.js
[2021-03-11 16:07:25.607] [exthost] [info] ExtensionService#_doActivateExtension ms-toolsai.jupyter {"startup":false,"extensionId":{"value":"ms-toolsai.jupyter","_lower":"ms-toolsai.jupyter"},"activationEvent":"onLanguage:python"}
[2021-03-11 16:07:25.607] [exthost] [info] ExtensionService#loadCommonJSModule file:///home/sarthak/.vscode/extensions/ms-toolsai.jupyter-2021.3.619093157/out/client/extension
[2021-03-11 16:07:25.688] [exthost] [info] ExtensionService#_doActivateExtension vscode.debug-auto-launch {"startup":true,"extensionId":{"value":"vscode.debug-auto-launch","_lower":"vscode.debug-auto-launch"},"activationEvent":"*"}
[2021-03-11 16:07:25.688] [exthost] [info] ExtensionService#loadCommonJSModule file:///var/lib/snapd/snap/code/57/usr/share/code/resources/app/extensions/debug-auto-launch/dist/extension
[2021-03-11 16:07:25.691] [exthost] [info] ExtensionService#_doActivateExtension vscode.git {"startup":true,"extensionId":{"value":"vscode.github","_lower":"vscode.github"},"activationEvent":"*"}
[2021-03-11 16:07:25.691] [exthost] [info] ExtensionService#loadCommonJSModule file:///var/lib/snapd/snap/code/57/usr/share/code/resources/app/extensions/git/dist/main
[2021-03-11 16:07:25.715] [exthost] [info] ExtensionService#_doActivateExtension sainnhe.gruvbox-material {"startup":true,"extensionId":{"value":"sainnhe.gruvbox-material","_lower":"sainnhe.gruvbox-material"},"activationEvent":"*"}
[2021-03-11 16:07:25.715] [exthost] [info] ExtensionService#loadCommonJSModule file:///home/sarthak/.vscode/extensions/sainnhe.gruvbox-material-6.3.6/out/extension.js
[2021-03-11 16:07:25.739] [exthost] [info] ExtensionService#_doActivateExtension zhuangtongfa.material-theme {"startup":true,"extensionId":{"value":"zhuangtongfa.material-theme","_lower":"zhuangtongfa.material-theme"},"activationEvent":"*"}
[2021-03-11 16:07:25.741] [exthost] [info] ExtensionService#loadCommonJSModule file:///home/sarthak/.vscode/extensions/zhuangtongfa.material-theme-3.9.15/out/extension.js
[2021-03-11 16:07:26.420] [exthost] [info] ExtensionService#_doActivateExtension vscode.github {"startup":true,"extensionId":{"value":"vscode.github","_lower":"vscode.github"},"activationEvent":"*"}
[2021-03-11 16:07:26.420] [exthost] [info] ExtensionService#loadCommonJSModule file:///var/lib/snapd/snap/code/57/usr/share/code/resources/app/extensions/github/dist/extension.js
[2021-03-11 16:07:26.424] [exthost] [info] ExtensionService#_doActivateExtension ms-vscode.js-debug {"startup":false,"extensionId":{"value":"ms-vscode.js-debug","_lower":"ms-vscode.js-debug"},"activationEvent":"onCommand:extension.js-debug.clearAutoAttachVariables"}
[2021-03-11 16:07:26.425] [exthost] [info] ExtensionService#loadCommonJSModule file:///var/lib/snapd/snap/code/57/usr/share/code/resources/app/extensions/ms-vscode.js-debug/src/extension.js
[2021-03-11 16:07:26.517] [exthost] [info] ExtensionService#_doActivateExtension ms-python.python {"startup":false,"extensionId":{"value":"ms-python.vscode-pylance","_lower":"ms-python.vscode-pylance"},"activationEvent":"onLanguage:python"}
[2021-03-11 16:07:26.518] [exthost] [info] ExtensionService#loadCommonJSModule file:///home/sarthak/.vscode/extensions/ms-python.python-2021.2.636928669/out/client/extension
[2021-03-11 16:07:26.601] [exthost] [info] eager extensions activated
[2021-03-11 16:07:26.612] [exthost] [info] ExtensionService#_doActivateExtension vscode.emmet {"startup":false,"extensionId":{"value":"vscode.emmet","_lower":"vscode.emmet"},"activationEvent":"onStartupFinished"}
[2021-03-11 16:07:26.612] [exthost] [info] ExtensionService#loadCommonJSModule file:///var/lib/snapd/snap/code/57/usr/share/code/resources/app/extensions/emmet/dist/node/emmetNodeMain
[2021-03-11 16:07:26.620] [exthost] [info] ExtensionService#_doActivateExtension vscode.merge-conflict {"startup":false,"extensionId":{"value":"vscode.merge-conflict","_lower":"vscode.merge-conflict"},"activationEvent":"onStartupFinished"}
[2021-03-11 16:07:26.620] [exthost] [info] ExtensionService#loadCommonJSModule file:///var/lib/snapd/snap/code/57/usr/share/code/resources/app/extensions/merge-conflict/dist/mergeConflictMain
[2021-03-11 16:07:26.622] [exthost] [info] ExtensionService#_doActivateExtension vscode.testing-editor-contributions {"startup":false,"extensionId":{"value":"vscode.testing-editor-contributions","_lower":"vscode.testing-editor-contributions"},"activationEvent":"onStartupFinished"}
[2021-03-11 16:07:26.622] [exthost] [info] ExtensionService#loadCommonJSModule file:///var/lib/snapd/snap/code/57/usr/share/code/resources/app/extensions/testing-editor-contributions/dist/extension.js
[2021-03-11 16:07:27.408] [exthost] [info] ExtensionService#_doActivateExtension ms-python.vscode-pylance {"startup":false,"extensionId":{"value":"ms-python.vscode-pylance","_lower":"ms-python.vscode-pylance"},"activationEvent":"onLanguage:python"}
[2021-03-11 16:07:27.408] [exthost] [info] ExtensionService#loadCommonJSModule file:///home/sarthak/.vscode/extensions/ms-python.vscode-pylance-2021.3.1/dist/extension.bundle.js
[2021-03-11 16:07:28.051] [exthost] [info] ExtensionService#_doActivateExtension vscode.github-authentication {"startup":false,"extensionId":{"value":"vscode.github-authentication","_lower":"vscode.github-authentication"},"activationEvent":"onAuthenticationRequest:github"}
[2021-03-11 16:07:28.051] [exthost] [info] ExtensionService#loadCommonJSModule file:///var/lib/snapd/snap/code/57/usr/share/code/resources/app/extensions/github-authentication/dist/extension.js
[2021-03-11 16:08:14.639] [exthost] [info] extension host terminating: parent process 4699 does not exist anymore: kill ESRCH (code: ESRCH) (errno: ESRCH)
[2021-03-11 16:08:15.657] [exthost] [info] exiting with code 0
