User belongs to experiment group 'pythonaacf'
User belongs to experiment group 'pythonJoinMailingListVar2'
User belongs to experiment group 'pythonSendEntireLineToREPL'
User belongs to experiment group 'pythonNotDisplayLinterPrompt'
User belongs to experiment group 'pythonTensorboardExperimentcf'
User belongs to experiment group 'ShowExtensionSurveyPrompt - control'
User belongs to experiment group 'CollectLSRequestTiming - control'
> conda --version
> pyenv root
> python3.7 ~/.vscode/extensions/ms-python.python-2021.2.633441544/pythonFiles/pyvsc-run-isolated.py -c "import sys;print(sys.executable)"
> python3.6 ~/.vscode/extensions/ms-python.python-2021.2.633441544/pythonFiles/pyvsc-run-isolated.py -c "import sys;print(sys.executable)"
> python3 ~/.vscode/extensions/ms-python.python-2021.2.633441544/pythonFiles/pyvsc-run-isolated.py -c "import sys;print(sys.executable)"
> python2 ~/.vscode/extensions/ms-python.python-2021.2.633441544/pythonFiles/pyvsc-run-isolated.py -c "import sys;print(sys.executable)"
> python ~/.vscode/extensions/ms-python.python-2021.2.633441544/pythonFiles/pyvsc-run-isolated.py -c "import sys;print(sys.executable)"
> /usr/bin/python3 ~/.vscode/extensions/ms-python.python-2021.2.633441544/pythonFiles/pyvsc-run-isolated.py -c "import sys;print(sys.executable)"
> conda info --json
Error 2021-03-11 15:30:29: Failed to check if file needs to be fixed [EntryNotFound (FileSystemError): Unable to read file '/home/sarthak/Desktop/Blackcoffer/.vscode/settings.json' (Error: Unable to resolve non-existing file '/home/sarthak/Desktop/Blackcoffer/.vscode/settings.json')
	at _handleError (/var/lib/snapd/snap/code/57/usr/share/code/resources/app/out/vs/workbench/services/extensions/node/extensionHostProcess.js:87:151863)
	at processTicksAndRejections (internal/process/task_queues.js:97:5)
	at async y.readText (/home/sarthak/.vscode/extensions/ms-python.python-2021.2.633441544/out/client/extension.js:9:298390)
	at async p.doesFileNeedToBeFixed (/home/sarthak/.vscode/extensions/ms-python.python-2021.2.633441544/out/client/extension.js:59:481011)
	at async /home/sarthak/.vscode/extensions/ms-python.python-2021.2.633441544/out/client/extension.js:59:480138
	at async Promise.all (index 1)
	at async p.getFilesToBeFixed (/home/sarthak/.vscode/extensions/ms-python.python-2021.2.633441544/out/client/extension.js:59:480084)
	at async p.updateTestSettings (/home/sarthak/.vscode/extensions/ms-python.python-2021.2.633441544/out/client/extension.js:59:479711)] {
  code: 'FileNotFound'
}
> pyenv root
> pyenv root
> pyenv root
> pyenv root
> pyenv root
> /usr/bin/python3 ~/.vscode/extensions/ms-python.python-2021.2.633441544/pythonFiles/pyvsc-run-isolated.py pylint --disable=all --enable=F,unreachable,duplicate-key,unnecessary-semicolon,global-variable-not-assigned,unused-variable,unused-wildcard-import,binary-op-exception,bad-format-string,anomalous-backslash-in-string,bad-open-mode,E0001,E0011,E0012,E0100,E0101,E0102,E0103,E0104,E0105,E0107,E0108,E0110,E0111,E0112,E0113,E0114,E0115,E0116,E0117,E0118,E0202,E0203,E0211,E0213,E0236,E0237,E0238,E0239,E0240,E0241,E0301,E0302,E0303,E0401,E0402,E0601,E0602,E0603,E0604,E0611,E0632,E0633,E0701,E0702,E0703,E0704,E0710,E0711,E0712,E1003,E1101,E1102,E1111,E1120,E1121,E1123,E1124,E1125,E1126,E1127,E1128,E1129,E1130,E1131,E1132,E1133,E1134,E1135,E1136,E1137,E1138,E1139,E1200,E1201,E1205,E1206,E1300,E1301,E1302,E1303,E1304,E1305,E1306,E1310,E1700,E1701 --msg-template='{line},{column},{category},{symbol}:{msg}' --reports=n --output-format=text ~/Desktop/Blackcoffer/text_analysis.py
cwd: ~/Desktop/Blackcoffer
> /usr/bin/python3 ~/.vscode/extensions/ms-python.python-2021.2.633441544/pythonFiles/pyvsc-run-isolated.py pylint --disable=all --enable=F,unreachable,duplicate-key,unnecessary-semicolon,global-variable-not-assigned,unused-variable,unused-wildcard-import,binary-op-exception,bad-format-string,anomalous-backslash-in-string,bad-open-mode,E0001,E0011,E0012,E0100,E0101,E0102,E0103,E0104,E0105,E0107,E0108,E0110,E0111,E0112,E0113,E0114,E0115,E0116,E0117,E0118,E0202,E0203,E0211,E0213,E0236,E0237,E0238,E0239,E0240,E0241,E0301,E0302,E0303,E0401,E0402,E0601,E0602,E0603,E0604,E0611,E0632,E0633,E0701,E0702,E0703,E0704,E0710,E0711,E0712,E1003,E1101,E1102,E1111,E1120,E1121,E1123,E1124,E1125,E1126,E1127,E1128,E1129,E1130,E1131,E1132,E1133,E1134,E1135,E1136,E1137,E1138,E1139,E1200,E1201,E1205,E1206,E1300,E1301,E1302,E1303,E1304,E1305,E1306,E1310,E1700,E1701 --msg-template='{line},{column},{category},{symbol}:{msg}' --reports=n --output-format=text ~/Desktop/Blackcoffer/text_analysis.py
cwd: ~/Desktop/Blackcoffer
Python interpreter path: /usr/bin/python3
Starting Pylance language server.
> pyenv root
> conda --version
> pyenv root
##########Linting Output - pylint##########
************* Module text_analysis
65,0,error,syntax-error:expected an indented block (<unknown>, line 65)
Error 2021-03-11 15:30:38: Failed to download and store experiments, Class name = b, completed in 9961ms, has a falsy return value, , Return Value: undefined [Error: write EPROTO 6867952098824:error:10000092:SSL routines:OPENSSL_internal:ENCRYPTED_LENGTH_TOO_LONG:../../third_party/boringssl/src/ssl/tls_record.cc:249:

	at WriteWrap.onWriteComplete [as oncomplete] (internal/stream_base_commons.js:92:16)] {
  errno: 'EPROTO',
  code: 'EPROTO',
  syscall: 'write'
}
Error 2021-03-11 15:30:38: Failed to initialize experiments, Class name = b, completed in 9962ms, has a falsy return value, , Return Value: undefined [Error: write EPROTO 6867952098824:error:10000092:SSL routines:OPENSSL_internal:ENCRYPTED_LENGTH_TOO_LONG:../../third_party/boringssl/src/ssl/tls_record.cc:249:

	at WriteWrap.onWriteComplete [as oncomplete] (internal/stream_base_commons.js:92:16)] {
  errno: 'EPROTO',
  code: 'EPROTO',
  syscall: 'write'
}
> pyenv root
> /usr/bin/python3 ~/.vscode/extensions/ms-python.python-2021.2.633441544/pythonFiles/pyvsc-run-isolated.py pylint --disable=all --enable=F,unreachable,duplicate-key,unnecessary-semicolon,global-variable-not-assigned,unused-variable,unused-wildcard-import,binary-op-exception,bad-format-string,anomalous-backslash-in-string,bad-open-mode,E0001,E0011,E0012,E0100,E0101,E0102,E0103,E0104,E0105,E0107,E0108,E0110,E0111,E0112,E0113,E0114,E0115,E0116,E0117,E0118,E0202,E0203,E0211,E0213,E0236,E0237,E0238,E0239,E0240,E0241,E0301,E0302,E0303,E0401,E0402,E0601,E0602,E0603,E0604,E0611,E0632,E0633,E0701,E0702,E0703,E0704,E0710,E0711,E0712,E1003,E1101,E1102,E1111,E1120,E1121,E1123,E1124,E1125,E1126,E1127,E1128,E1129,E1130,E1131,E1132,E1133,E1134,E1135,E1136,E1137,E1138,E1139,E1200,E1201,E1205,E1206,E1300,E1301,E1302,E1303,E1304,E1305,E1306,E1310,E1700,E1701 --msg-template='{line},{column},{category},{symbol}:{msg}' --reports=n --output-format=text ~/Desktop/Blackcoffer/main.py
cwd: ~/Desktop/Blackcoffer
> /usr/bin/python3 ~/.vscode/extensions/ms-python.python-2021.2.633441544/pythonFiles/pyvsc-run-isolated.py pylint --disable=all --enable=F,unreachable,duplicate-key,unnecessary-semicolon,global-variable-not-assigned,unused-variable,unused-wildcard-import,binary-op-exception,bad-format-string,anomalous-backslash-in-string,bad-open-mode,E0001,E0011,E0012,E0100,E0101,E0102,E0103,E0104,E0105,E0107,E0108,E0110,E0111,E0112,E0113,E0114,E0115,E0116,E0117,E0118,E0202,E0203,E0211,E0213,E0236,E0237,E0238,E0239,E0240,E0241,E0301,E0302,E0303,E0401,E0402,E0601,E0602,E0603,E0604,E0611,E0632,E0633,E0701,E0702,E0703,E0704,E0710,E0711,E0712,E1003,E1101,E1102,E1111,E1120,E1121,E1123,E1124,E1125,E1126,E1127,E1128,E1129,E1130,E1131,E1132,E1133,E1134,E1135,E1136,E1137,E1138,E1139,E1200,E1201,E1205,E1206,E1300,E1301,E1302,E1303,E1304,E1305,E1306,E1310,E1700,E1701 --msg-template='{line},{column},{category},{symbol}:{msg}' --reports=n --output-format=text ~/Desktop/Blackcoffer/main.py
cwd: ~/Desktop/Blackcoffer
##########Linting Output - pylint##########
> pyenv root
> pyenv root
> pyenv root
> ~/Desktop/Blackcoffer/bin/python3 ~/.vscode/extensions/ms-python.python-2021.2.633441544/pythonFiles/pyvsc-run-isolated.py pylint --disable=all --enable=F,unreachable,duplicate-key,unnecessary-semicolon,global-variable-not-assigned,unused-variable,unused-wildcard-import,binary-op-exception,bad-format-string,anomalous-backslash-in-string,bad-open-mode,E0001,E0011,E0012,E0100,E0101,E0102,E0103,E0104,E0105,E0107,E0108,E0110,E0111,E0112,E0113,E0114,E0115,E0116,E0117,E0118,E0202,E0203,E0211,E0213,E0236,E0237,E0238,E0239,E0240,E0241,E0301,E0302,E0303,E0401,E0402,E0601,E0602,E0603,E0604,E0611,E0632,E0633,E0701,E0702,E0703,E0704,E0710,E0711,E0712,E1003,E1101,E1102,E1111,E1120,E1121,E1123,E1124,E1125,E1126,E1127,E1128,E1129,E1130,E1131,E1132,E1133,E1134,E1135,E1136,E1137,E1138,E1139,E1200,E1201,E1205,E1206,E1300,E1301,E1302,E1303,E1304,E1305,E1306,E1310,E1700,E1701 --msg-template='{line},{column},{category},{symbol}:{msg}' --reports=n --output-format=text ~/Desktop/Blackcoffer/text_analysis.py
cwd: ~/Desktop/Blackcoffer
> ~/Desktop/Blackcoffer/bin/python3 ~/.vscode/extensions/ms-python.python-2021.2.633441544/pythonFiles/pyvsc-run-isolated.py pylint --disable=all --enable=F,unreachable,duplicate-key,unnecessary-semicolon,global-variable-not-assigned,unused-variable,unused-wildcard-import,binary-op-exception,bad-format-string,anomalous-backslash-in-string,bad-open-mode,E0001,E0011,E0012,E0100,E0101,E0102,E0103,E0104,E0105,E0107,E0108,E0110,E0111,E0112,E0113,E0114,E0115,E0116,E0117,E0118,E0202,E0203,E0211,E0213,E0236,E0237,E0238,E0239,E0240,E0241,E0301,E0302,E0303,E0401,E0402,E0601,E0602,E0603,E0604,E0611,E0632,E0633,E0701,E0702,E0703,E0704,E0710,E0711,E0712,E1003,E1101,E1102,E1111,E1120,E1121,E1123,E1124,E1125,E1126,E1127,E1128,E1129,E1130,E1131,E1132,E1133,E1134,E1135,E1136,E1137,E1138,E1139,E1200,E1201,E1205,E1206,E1300,E1301,E1302,E1303,E1304,E1305,E1306,E1310,E1700,E1701 --msg-template='{line},{column},{category},{symbol}:{msg}' --reports=n --output-format=text ~/Desktop/Blackcoffer/text_analysis.py
cwd: ~/Desktop/Blackcoffer
> ~/Desktop/Blackcoffer/bin/python3 ~/.vscode/extensions/ms-python.python-2021.2.633441544/pythonFiles/pyvsc-run-isolated.py -c "import pylint"
> ~/Desktop/Blackcoffer/bin/python3 ~/.vscode/extensions/ms-python.python-2021.2.633441544/pythonFiles/pyvsc-run-isolated.py -c "import pylint"
> ~/Desktop/Blackcoffer/bin/python3 ~/.vscode/extensions/ms-python.python-2021.2.633441544/pythonFiles/pyvsc-run-isolated.py -c "import pylint"
> ~/Desktop/Blackcoffer/bin/python3 ~/.vscode/extensions/ms-python.python-2021.2.633441544/pythonFiles/pyvsc-run-isolated.py -c "import pylint"

Linter 'pylint' is not installed. Please install it or select another linter".
Error: Module 'pylint' not installed.
Python interpreter path: ./bin/python3
> ~/Desktop/Blackcoffer/bin/python3 ~/.vscode/extensions/ms-python.python-2021.2.633441544/pythonFiles/pyvsc-run-isolated.py -c "import pip"
> ~/Desktop/Blackcoffer/bin/python3 ~/.vscode/extensions/ms-python.python-2021.2.633441544/pythonFiles/pyvsc-run-isolated.py -c "import pip"
> ~/Desktop/Blackcoffer/bin/python3 ~/.vscode/extensions/ms-python.python-2021.2.633441544/pythonFiles/pyvsc-run-isolated.py -c "import pylint"
> ~/Desktop/Blackcoffer/bin/python3 ~/.vscode/extensions/ms-python.python-2021.2.633441544/pythonFiles/pyvsc-run-isolated.py pylint --disable=all --enable=F,unreachable,duplicate-key,unnecessary-semicolon,global-variable-not-assigned,unused-variable,unused-wildcard-import,binary-op-exception,bad-format-string,anomalous-backslash-in-string,bad-open-mode,E0001,E0011,E0012,E0100,E0101,E0102,E0103,E0104,E0105,E0107,E0108,E0110,E0111,E0112,E0113,E0114,E0115,E0116,E0117,E0118,E0202,E0203,E0211,E0213,E0236,E0237,E0238,E0239,E0240,E0241,E0301,E0302,E0303,E0401,E0402,E0601,E0602,E0603,E0604,E0611,E0632,E0633,E0701,E0702,E0703,E0704,E0710,E0711,E0712,E1003,E1101,E1102,E1111,E1120,E1121,E1123,E1124,E1125,E1126,E1127,E1128,E1129,E1130,E1131,E1132,E1133,E1134,E1135,E1136,E1137,E1138,E1139,E1200,E1201,E1205,E1206,E1300,E1301,E1302,E1303,E1304,E1305,E1306,E1310,E1700,E1701 --msg-template='{line},{column},{category},{symbol}:{msg}' --reports=n --output-format=text ~/Desktop/Blackcoffer/main.py
cwd: ~/Desktop/Blackcoffer
> ~/Desktop/Blackcoffer/bin/python3 ~/.vscode/extensions/ms-python.python-2021.2.633441544/pythonFiles/pyvsc-run-isolated.py pylint --disable=all --enable=F,unreachable,duplicate-key,unnecessary-semicolon,global-variable-not-assigned,unused-variable,unused-wildcard-import,binary-op-exception,bad-format-string,anomalous-backslash-in-string,bad-open-mode,E0001,E0011,E0012,E0100,E0101,E0102,E0103,E0104,E0105,E0107,E0108,E0110,E0111,E0112,E0113,E0114,E0115,E0116,E0117,E0118,E0202,E0203,E0211,E0213,E0236,E0237,E0238,E0239,E0240,E0241,E0301,E0302,E0303,E0401,E0402,E0601,E0602,E0603,E0604,E0611,E0632,E0633,E0701,E0702,E0703,E0704,E0710,E0711,E0712,E1003,E1101,E1102,E1111,E1120,E1121,E1123,E1124,E1125,E1126,E1127,E1128,E1129,E1130,E1131,E1132,E1133,E1134,E1135,E1136,E1137,E1138,E1139,E1200,E1201,E1205,E1206,E1300,E1301,E1302,E1303,E1304,E1305,E1306,E1310,E1700,E1701 --msg-template='{line},{column},{category},{symbol}:{msg}' --reports=n --output-format=text ~/Desktop/Blackcoffer/main.py
cwd: ~/Desktop/Blackcoffer
##########Linting Output - pylint##########
> ~/Desktop/Blackcoffer/bin/python3 ~/.vscode/extensions/ms-python.python-2021.2.633441544/pythonFiles/pyvsc-run-isolated.py pylint --disable=all --enable=F,unreachable,duplicate-key,unnecessary-semicolon,global-variable-not-assigned,unused-variable,unused-wildcard-import,binary-op-exception,bad-format-string,anomalous-backslash-in-string,bad-open-mode,E0001,E0011,E0012,E0100,E0101,E0102,E0103,E0104,E0105,E0107,E0108,E0110,E0111,E0112,E0113,E0114,E0115,E0116,E0117,E0118,E0202,E0203,E0211,E0213,E0236,E0237,E0238,E0239,E0240,E0241,E0301,E0302,E0303,E0401,E0402,E0601,E0602,E0603,E0604,E0611,E0632,E0633,E0701,E0702,E0703,E0704,E0710,E0711,E0712,E1003,E1101,E1102,E1111,E1120,E1121,E1123,E1124,E1125,E1126,E1127,E1128,E1129,E1130,E1131,E1132,E1133,E1134,E1135,E1136,E1137,E1138,E1139,E1200,E1201,E1205,E1206,E1300,E1301,E1302,E1303,E1304,E1305,E1306,E1310,E1700,E1701 --msg-template='{line},{column},{category},{symbol}:{msg}' --reports=n --output-format=text ~/Desktop/Blackcoffer/main.py
cwd: ~/Desktop/Blackcoffer
> ~/Desktop/Blackcoffer/bin/python3 ~/.vscode/extensions/ms-python.python-2021.2.633441544/pythonFiles/pyvsc-run-isolated.py pylint --disable=all --enable=F,unreachable,duplicate-key,unnecessary-semicolon,global-variable-not-assigned,unused-variable,unused-wildcard-import,binary-op-exception,bad-format-string,anomalous-backslash-in-string,bad-open-mode,E0001,E0011,E0012,E0100,E0101,E0102,E0103,E0104,E0105,E0107,E0108,E0110,E0111,E0112,E0113,E0114,E0115,E0116,E0117,E0118,E0202,E0203,E0211,E0213,E0236,E0237,E0238,E0239,E0240,E0241,E0301,E0302,E0303,E0401,E0402,E0601,E0602,E0603,E0604,E0611,E0632,E0633,E0701,E0702,E0703,E0704,E0710,E0711,E0712,E1003,E1101,E1102,E1111,E1120,E1121,E1123,E1124,E1125,E1126,E1127,E1128,E1129,E1130,E1131,E1132,E1133,E1134,E1135,E1136,E1137,E1138,E1139,E1200,E1201,E1205,E1206,E1300,E1301,E1302,E1303,E1304,E1305,E1306,E1310,E1700,E1701 --msg-template='{line},{column},{category},{symbol}:{msg}' --reports=n --output-format=text ~/Desktop/Blackcoffer/main.py
cwd: ~/Desktop/Blackcoffer
##########Linting Output - pylint##########
> ~/Desktop/Blackcoffer/bin/python3 ~/.vscode/extensions/ms-python.python-2021.2.633441544/pythonFiles/pyvsc-run-isolated.py pylint --disable=all --enable=F,unreachable,duplicate-key,unnecessary-semicolon,global-variable-not-assigned,unused-variable,unused-wildcard-import,binary-op-exception,bad-format-string,anomalous-backslash-in-string,bad-open-mode,E0001,E0011,E0012,E0100,E0101,E0102,E0103,E0104,E0105,E0107,E0108,E0110,E0111,E0112,E0113,E0114,E0115,E0116,E0117,E0118,E0202,E0203,E0211,E0213,E0236,E0237,E0238,E0239,E0240,E0241,E0301,E0302,E0303,E0401,E0402,E0601,E0602,E0603,E0604,E0611,E0632,E0633,E0701,E0702,E0703,E0704,E0710,E0711,E0712,E1003,E1101,E1102,E1111,E1120,E1121,E1123,E1124,E1125,E1126,E1127,E1128,E1129,E1130,E1131,E1132,E1133,E1134,E1135,E1136,E1137,E1138,E1139,E1200,E1201,E1205,E1206,E1300,E1301,E1302,E1303,E1304,E1305,E1306,E1310,E1700,E1701 --msg-template='{line},{column},{category},{symbol}:{msg}' --reports=n --output-format=text ~/Desktop/Blackcoffer/text_analysis.py
cwd: ~/Desktop/Blackcoffer
> ~/Desktop/Blackcoffer/bin/python3 ~/.vscode/extensions/ms-python.python-2021.2.633441544/pythonFiles/pyvsc-run-isolated.py pylint --disable=all --enable=F,unreachable,duplicate-key,unnecessary-semicolon,global-variable-not-assigned,unused-variable,unused-wildcard-import,binary-op-exception,bad-format-string,anomalous-backslash-in-string,bad-open-mode,E0001,E0011,E0012,E0100,E0101,E0102,E0103,E0104,E0105,E0107,E0108,E0110,E0111,E0112,E0113,E0114,E0115,E0116,E0117,E0118,E0202,E0203,E0211,E0213,E0236,E0237,E0238,E0239,E0240,E0241,E0301,E0302,E0303,E0401,E0402,E0601,E0602,E0603,E0604,E0611,E0632,E0633,E0701,E0702,E0703,E0704,E0710,E0711,E0712,E1003,E1101,E1102,E1111,E1120,E1121,E1123,E1124,E1125,E1126,E1127,E1128,E1129,E1130,E1131,E1132,E1133,E1134,E1135,E1136,E1137,E1138,E1139,E1200,E1201,E1205,E1206,E1300,E1301,E1302,E1303,E1304,E1305,E1306,E1310,E1700,E1701 --msg-template='{line},{column},{category},{symbol}:{msg}' --reports=n --output-format=text ~/Desktop/Blackcoffer/text_analysis.py
cwd: ~/Desktop/Blackcoffer
##########Linting Output - pylint##########
************* Module text_analysis
65,0,error,syntax-error:expected an indented block (<unknown>, line 65)
> ~/Desktop/Blackcoffer/bin/python3 ~/.vscode/extensions/ms-python.python-2021.2.633441544/pythonFiles/pyvsc-run-isolated.py pylint --disable=all --enable=F,unreachable,duplicate-key,unnecessary-semicolon,global-variable-not-assigned,unused-variable,unused-wildcard-import,binary-op-exception,bad-format-string,anomalous-backslash-in-string,bad-open-mode,E0001,E0011,E0012,E0100,E0101,E0102,E0103,E0104,E0105,E0107,E0108,E0110,E0111,E0112,E0113,E0114,E0115,E0116,E0117,E0118,E0202,E0203,E0211,E0213,E0236,E0237,E0238,E0239,E0240,E0241,E0301,E0302,E0303,E0401,E0402,E0601,E0602,E0603,E0604,E0611,E0632,E0633,E0701,E0702,E0703,E0704,E0710,E0711,E0712,E1003,E1101,E1102,E1111,E1120,E1121,E1123,E1124,E1125,E1126,E1127,E1128,E1129,E1130,E1131,E1132,E1133,E1134,E1135,E1136,E1137,E1138,E1139,E1200,E1201,E1205,E1206,E1300,E1301,E1302,E1303,E1304,E1305,E1306,E1310,E1700,E1701 --msg-template='{line},{column},{category},{symbol}:{msg}' --reports=n --output-format=text ~/Desktop/Blackcoffer/text_analysis.py
cwd: ~/Desktop/Blackcoffer
> ~/Desktop/Blackcoffer/bin/python3 ~/.vscode/extensions/ms-python.python-2021.2.633441544/pythonFiles/pyvsc-run-isolated.py pylint --disable=all --enable=F,unreachable,duplicate-key,unnecessary-semicolon,global-variable-not-assigned,unused-variable,unused-wildcard-import,binary-op-exception,bad-format-string,anomalous-backslash-in-string,bad-open-mode,E0001,E0011,E0012,E0100,E0101,E0102,E0103,E0104,E0105,E0107,E0108,E0110,E0111,E0112,E0113,E0114,E0115,E0116,E0117,E0118,E0202,E0203,E0211,E0213,E0236,E0237,E0238,E0239,E0240,E0241,E0301,E0302,E0303,E0401,E0402,E0601,E0602,E0603,E0604,E0611,E0632,E0633,E0701,E0702,E0703,E0704,E0710,E0711,E0712,E1003,E1101,E1102,E1111,E1120,E1121,E1123,E1124,E1125,E1126,E1127,E1128,E1129,E1130,E1131,E1132,E1133,E1134,E1135,E1136,E1137,E1138,E1139,E1200,E1201,E1205,E1206,E1300,E1301,E1302,E1303,E1304,E1305,E1306,E1310,E1700,E1701 --msg-template='{line},{column},{category},{symbol}:{msg}' --reports=n --output-format=text ~/Desktop/Blackcoffer/text_analysis.py
cwd: ~/Desktop/Blackcoffer
##########Linting Output - pylint##########
************* Module text_analysis
65,0,error,syntax-error:expected an indented block (<unknown>, line 65)
> pyenv root
> ~/Desktop/Blackcoffer/bin/python3 ~/.vscode/extensions/ms-python.python-2021.2.633441544/pythonFiles/pyvsc-run-isolated.py black --diff --quiet ~/Desktop/Blackcoffer/main.py.4083edaa9d06e2a9b2997bc09df55b16.tmp
cwd: ~/Desktop/Blackcoffer
> ~/Desktop/Blackcoffer/bin/python3 ~/.vscode/extensions/ms-python.python-2021.2.633441544/pythonFiles/pyvsc-run-isolated.py black --diff --quiet ~/Desktop/Blackcoffer/main.py.4083edaa9d06e2a9b2997bc09df55b16.tmp
cwd: ~/Desktop/Blackcoffer
> ~/Desktop/Blackcoffer/bin/python3 ~/.vscode/extensions/ms-python.python-2021.2.633441544/pythonFiles/pyvsc-run-isolated.py -c "import black"
> ~/Desktop/Blackcoffer/bin/python3 ~/.vscode/extensions/ms-python.python-2021.2.633441544/pythonFiles/pyvsc-run-isolated.py -c "import black"
> ~/Desktop/Blackcoffer/bin/python3 ~/.vscode/extensions/ms-python.python-2021.2.633441544/pythonFiles/pyvsc-run-isolated.py -c "import black"

Formatting with black failed.
You could either install the 'black' formatter, turn it off or use another formatter.
Error: Module 'black' not installed.
> ~/Desktop/Blackcoffer/bin/python3 ~/.vscode/extensions/ms-python.python-2021.2.633441544/pythonFiles/pyvsc-run-isolated.py pylint --disable=all --enable=F,unreachable,duplicate-key,unnecessary-semicolon,global-variable-not-assigned,unused-variable,unused-wildcard-import,binary-op-exception,bad-format-string,anomalous-backslash-in-string,bad-open-mode,E0001,E0011,E0012,E0100,E0101,E0102,E0103,E0104,E0105,E0107,E0108,E0110,E0111,E0112,E0113,E0114,E0115,E0116,E0117,E0118,E0202,E0203,E0211,E0213,E0236,E0237,E0238,E0239,E0240,E0241,E0301,E0302,E0303,E0401,E0402,E0601,E0602,E0603,E0604,E0611,E0632,E0633,E0701,E0702,E0703,E0704,E0710,E0711,E0712,E1003,E1101,E1102,E1111,E1120,E1121,E1123,E1124,E1125,E1126,E1127,E1128,E1129,E1130,E1131,E1132,E1133,E1134,E1135,E1136,E1137,E1138,E1139,E1200,E1201,E1205,E1206,E1300,E1301,E1302,E1303,E1304,E1305,E1306,E1310,E1700,E1701 --msg-template='{line},{column},{category},{symbol}:{msg}' --reports=n --output-format=text ~/Desktop/Blackcoffer/main.py
cwd: ~/Desktop/Blackcoffer
> ~/Desktop/Blackcoffer/bin/python3 ~/.vscode/extensions/ms-python.python-2021.2.633441544/pythonFiles/pyvsc-run-isolated.py pylint --disable=all --enable=F,unreachable,duplicate-key,unnecessary-semicolon,global-variable-not-assigned,unused-variable,unused-wildcard-import,binary-op-exception,bad-format-string,anomalous-backslash-in-string,bad-open-mode,E0001,E0011,E0012,E0100,E0101,E0102,E0103,E0104,E0105,E0107,E0108,E0110,E0111,E0112,E0113,E0114,E0115,E0116,E0117,E0118,E0202,E0203,E0211,E0213,E0236,E0237,E0238,E0239,E0240,E0241,E0301,E0302,E0303,E0401,E0402,E0601,E0602,E0603,E0604,E0611,E0632,E0633,E0701,E0702,E0703,E0704,E0710,E0711,E0712,E1003,E1101,E1102,E1111,E1120,E1121,E1123,E1124,E1125,E1126,E1127,E1128,E1129,E1130,E1131,E1132,E1133,E1134,E1135,E1136,E1137,E1138,E1139,E1200,E1201,E1205,E1206,E1300,E1301,E1302,E1303,E1304,E1305,E1306,E1310,E1700,E1701 --msg-template='{line},{column},{category},{symbol}:{msg}' --reports=n --output-format=text ~/Desktop/Blackcoffer/main.py
cwd: ~/Desktop/Blackcoffer
##########Linting Output - pylint##########
************* Module main
37,0,error,syntax-error:expected an indented block (<unknown>, line 37)
> ~/Desktop/Blackcoffer/bin/python3 ~/.vscode/extensions/ms-python.python-2021.2.633441544/pythonFiles/pyvsc-run-isolated.py -c "import pip"
> ~/Desktop/Blackcoffer/bin/python3 ~/.vscode/extensions/ms-python.python-2021.2.633441544/pythonFiles/pyvsc-run-isolated.py -c "import pip"
> ~/Desktop/Blackcoffer/bin/python3 ~/.vscode/extensions/ms-python.python-2021.2.633441544/pythonFiles/pyvsc-run-isolated.py -c "import black"
> ~/Desktop/Blackcoffer/bin/python3 ~/.vscode/extensions/ms-python.python-2021.2.633441544/pythonFiles/pyvsc-run-isolated.py black --diff --quiet ~/Desktop/Blackcoffer/main.py.4083edaa9d06e2a9b2997bc09df55b16.tmp
cwd: ~/Desktop/Blackcoffer
> ~/Desktop/Blackcoffer/bin/python3 ~/.vscode/extensions/ms-python.python-2021.2.633441544/pythonFiles/pyvsc-run-isolated.py black --diff --quiet ~/Desktop/Blackcoffer/main.py.4083edaa9d06e2a9b2997bc09df55b16.tmp
cwd: ~/Desktop/Blackcoffer
> ~/Desktop/Blackcoffer/bin/python3 ~/.vscode/extensions/ms-python.python-2021.2.633441544/pythonFiles/pyvsc-run-isolated.py pylint --disable=all --enable=F,unreachable,duplicate-key,unnecessary-semicolon,global-variable-not-assigned,unused-variable,unused-wildcard-import,binary-op-exception,bad-format-string,anomalous-backslash-in-string,bad-open-mode,E0001,E0011,E0012,E0100,E0101,E0102,E0103,E0104,E0105,E0107,E0108,E0110,E0111,E0112,E0113,E0114,E0115,E0116,E0117,E0118,E0202,E0203,E0211,E0213,E0236,E0237,E0238,E0239,E0240,E0241,E0301,E0302,E0303,E0401,E0402,E0601,E0602,E0603,E0604,E0611,E0632,E0633,E0701,E0702,E0703,E0704,E0710,E0711,E0712,E1003,E1101,E1102,E1111,E1120,E1121,E1123,E1124,E1125,E1126,E1127,E1128,E1129,E1130,E1131,E1132,E1133,E1134,E1135,E1136,E1137,E1138,E1139,E1200,E1201,E1205,E1206,E1300,E1301,E1302,E1303,E1304,E1305,E1306,E1310,E1700,E1701 --msg-template='{line},{column},{category},{symbol}:{msg}' --reports=n --output-format=text ~/Desktop/Blackcoffer/main.py
cwd: ~/Desktop/Blackcoffer
> ~/Desktop/Blackcoffer/bin/python3 ~/.vscode/extensions/ms-python.python-2021.2.633441544/pythonFiles/pyvsc-run-isolated.py pylint --disable=all --enable=F,unreachable,duplicate-key,unnecessary-semicolon,global-variable-not-assigned,unused-variable,unused-wildcard-import,binary-op-exception,bad-format-string,anomalous-backslash-in-string,bad-open-mode,E0001,E0011,E0012,E0100,E0101,E0102,E0103,E0104,E0105,E0107,E0108,E0110,E0111,E0112,E0113,E0114,E0115,E0116,E0117,E0118,E0202,E0203,E0211,E0213,E0236,E0237,E0238,E0239,E0240,E0241,E0301,E0302,E0303,E0401,E0402,E0601,E0602,E0603,E0604,E0611,E0632,E0633,E0701,E0702,E0703,E0704,E0710,E0711,E0712,E1003,E1101,E1102,E1111,E1120,E1121,E1123,E1124,E1125,E1126,E1127,E1128,E1129,E1130,E1131,E1132,E1133,E1134,E1135,E1136,E1137,E1138,E1139,E1200,E1201,E1205,E1206,E1300,E1301,E1302,E1303,E1304,E1305,E1306,E1310,E1700,E1701 --msg-template='{line},{column},{category},{symbol}:{msg}' --reports=n --output-format=text ~/Desktop/Blackcoffer/main.py
cwd: ~/Desktop/Blackcoffer
##########Linting Output - pylint##########
************* Module main
43,23,error,undefined-variable:Undefined variable 'pos_neg_list'

-----------------------------------
Your code has been rated at 8.00/10

> pyenv root
> pyenv root
