[2021-03-10 21:27:44.803] [exthost] [info] extension host started
[2021-03-10 21:27:44.909] [exthost] [info] ExtensionService#_doActivateExtension vscode.microsoft-authentication {"startup":false,"extensionId":{"value":"vscode.microsoft-authentication","_lower":"vscode.microsoft-authentication"},"activationEvent":"onAuthenticationRequest:microsoft"}
[2021-03-10 21:27:44.909] [exthost] [info] ExtensionService#loadCommonJSModule file:///var/lib/snapd/snap/code/57/usr/share/code/resources/app/extensions/microsoft-authentication/dist/extension.js
[2021-03-10 21:27:44.918] [exthost] [info] ExtensionService#_doActivateExtension ms-toolsai.jupyter {"startup":false,"extensionId":{"value":"ms-toolsai.jupyter","_lower":"ms-toolsai.jupyter"},"activationEvent":"onLanguage:python"}
[2021-03-10 21:27:44.922] [exthost] [info] ExtensionService#loadCommonJSModule file:///home/sarthak/.vscode/extensions/ms-toolsai.jupyter-2021.3.619093157/out/client/extension
[2021-03-10 21:27:45.098] [exthost] [info] ExtensionService#_doActivateExtension vscode.debug-auto-launch {"startup":true,"extensionId":{"value":"vscode.debug-auto-launch","_lower":"vscode.debug-auto-launch"},"activationEvent":"*"}
[2021-03-10 21:27:45.099] [exthost] [info] ExtensionService#loadCommonJSModule file:///var/lib/snapd/snap/code/57/usr/share/code/resources/app/extensions/debug-auto-launch/dist/extension
[2021-03-10 21:27:45.108] [exthost] [info] ExtensionService#_doActivateExtension vscode.git {"startup":true,"extensionId":{"value":"vscode.github","_lower":"vscode.github"},"activationEvent":"*"}
[2021-03-10 21:27:45.108] [exthost] [info] ExtensionService#loadCommonJSModule file:///var/lib/snapd/snap/code/57/usr/share/code/resources/app/extensions/git/dist/main
[2021-03-10 21:27:45.138] [exthost] [info] ExtensionService#_doActivateExtension sainnhe.gruvbox-material {"startup":true,"extensionId":{"value":"sainnhe.gruvbox-material","_lower":"sainnhe.gruvbox-material"},"activationEvent":"*"}
[2021-03-10 21:27:45.138] [exthost] [info] ExtensionService#loadCommonJSModule file:///home/sarthak/.vscode/extensions/sainnhe.gruvbox-material-6.3.6/out/extension.js
[2021-03-10 21:27:45.164] [exthost] [info] ExtensionService#_doActivateExtension zhuangtongfa.material-theme {"startup":true,"extensionId":{"value":"zhuangtongfa.material-theme","_lower":"zhuangtongfa.material-theme"},"activationEvent":"*"}
[2021-03-10 21:27:45.164] [exthost] [info] ExtensionService#loadCommonJSModule file:///home/sarthak/.vscode/extensions/zhuangtongfa.material-theme-3.9.15/out/extension.js
[2021-03-10 21:27:45.527] [exthost] [info] ExtensionService#_doActivateExtension vscode.github {"startup":true,"extensionId":{"value":"vscode.github","_lower":"vscode.github"},"activationEvent":"*"}
[2021-03-10 21:27:45.527] [exthost] [info] ExtensionService#loadCommonJSModule file:///var/lib/snapd/snap/code/57/usr/share/code/resources/app/extensions/github/dist/extension.js
[2021-03-10 21:27:45.576] [exthost] [info] ExtensionService#_doActivateExtension ms-vscode.js-debug {"startup":false,"extensionId":{"value":"ms-vscode.js-debug","_lower":"ms-vscode.js-debug"},"activationEvent":"onCommand:extension.js-debug.clearAutoAttachVariables"}
[2021-03-10 21:27:45.576] [exthost] [info] ExtensionService#loadCommonJSModule file:///var/lib/snapd/snap/code/57/usr/share/code/resources/app/extensions/ms-vscode.js-debug/src/extension.js
[2021-03-10 21:27:45.640] [exthost] [info] eager extensions activated
[2021-03-10 21:27:45.651] [exthost] [info] ExtensionService#_doActivateExtension vscode.emmet {"startup":false,"extensionId":{"value":"vscode.emmet","_lower":"vscode.emmet"},"activationEvent":"onStartupFinished"}
[2021-03-10 21:27:45.651] [exthost] [info] ExtensionService#loadCommonJSModule file:///var/lib/snapd/snap/code/57/usr/share/code/resources/app/extensions/emmet/dist/node/emmetNodeMain
[2021-03-10 21:27:45.658] [exthost] [info] ExtensionService#_doActivateExtension vscode.merge-conflict {"startup":false,"extensionId":{"value":"vscode.merge-conflict","_lower":"vscode.merge-conflict"},"activationEvent":"onStartupFinished"}
[2021-03-10 21:27:45.658] [exthost] [info] ExtensionService#loadCommonJSModule file:///var/lib/snapd/snap/code/57/usr/share/code/resources/app/extensions/merge-conflict/dist/mergeConflictMain
[2021-03-10 21:27:45.665] [exthost] [info] ExtensionService#_doActivateExtension vscode.testing-editor-contributions {"startup":false,"extensionId":{"value":"vscode.testing-editor-contributions","_lower":"vscode.testing-editor-contributions"},"activationEvent":"onStartupFinished"}
[2021-03-10 21:27:45.665] [exthost] [info] ExtensionService#loadCommonJSModule file:///var/lib/snapd/snap/code/57/usr/share/code/resources/app/extensions/testing-editor-contributions/dist/extension.js
[2021-03-10 21:27:45.666] [exthost] [info] ExtensionService#_doActivateExtension ms-python.python {"startup":false,"extensionId":{"value":"ms-python.vscode-pylance","_lower":"ms-python.vscode-pylance"},"activationEvent":"onLanguage:python"}
[2021-03-10 21:27:45.666] [exthost] [info] ExtensionService#loadCommonJSModule file:///home/sarthak/.vscode/extensions/ms-python.python-2021.2.633441544/out/client/extension
[2021-03-10 21:27:45.797] [exthost] [info] ExtensionService#_doActivateExtension vscode.github-authentication {"startup":false,"extensionId":{"value":"vscode.github-authentication","_lower":"vscode.github-authentication"},"activationEvent":"onAuthenticationRequest:github"}
[2021-03-10 21:27:45.797] [exthost] [info] ExtensionService#loadCommonJSModule file:///var/lib/snapd/snap/code/57/usr/share/code/resources/app/extensions/github-authentication/dist/extension.js
[2021-03-10 21:27:46.055] [exthost] [info] ExtensionService#_doActivateExtension ms-python.vscode-pylance {"startup":false,"extensionId":{"value":"ms-python.vscode-pylance","_lower":"ms-python.vscode-pylance"},"activationEvent":"onLanguage:python"}
[2021-03-10 21:27:46.055] [exthost] [info] ExtensionService#loadCommonJSModule file:///home/sarthak/.vscode/extensions/ms-python.vscode-pylance-2021.3.0/dist/extension.bundle.js
[2021-03-10 21:27:48.579] [exthost] [info] ExtensionService#_doActivateExtension vscode.configuration-editing {"startup":false,"extensionId":{"value":"vscode.configuration-editing","_lower":"vscode.configuration-editing"},"activationEvent":"onLanguage:jsonc"}
[2021-03-10 21:27:48.579] [exthost] [info] ExtensionService#loadCommonJSModule file:///var/lib/snapd/snap/code/57/usr/share/code/resources/app/extensions/configuration-editing/dist/configurationEditingMain
[2021-03-10 21:27:48.583] [exthost] [info] ExtensionService#_doActivateExtension vscode.json-language-features {"startup":false,"extensionId":{"value":"vscode.json-language-features","_lower":"vscode.json-language-features"},"activationEvent":"onLanguage:jsonc"}
[2021-03-10 21:27:48.583] [exthost] [info] ExtensionService#loadCommonJSModule file:///var/lib/snapd/snap/code/57/usr/share/code/resources/app/extensions/json-language-features/client/dist/node/jsonClientMain
[2021-03-10 21:27:48.598] [exthost] [info] ExtensionService#_doActivateExtension vscode.typescript-language-features {"startup":false,"extensionId":{"value":"vscode.typescript-language-features","_lower":"vscode.typescript-language-features"},"activationEvent":"onLanguage:jsonc"}
[2021-03-10 21:27:48.598] [exthost] [info] ExtensionService#loadCommonJSModule file:///var/lib/snapd/snap/code/57/usr/share/code/resources/app/extensions/typescript-language-features/dist/extension
[2021-03-10 21:29:02.329] [exthost] [info] extension host terminating: received terminate message from renderer
[2021-03-10 21:29:03.373] [exthost] [info] exiting with code 0
