[2021-03-10 21:19:49.257] [settingssync] [info] Using settings sync service https://vscode-sync.trafficmanager.net/
[2021-03-10 21:19:49.257] [settingssync] [info] Auto Sync is enabled.
[2021-03-10 21:19:49.257] [settingssync] [info] Auto Sync: Suspended until auth token is available.
[2021-03-10 21:19:52.371] [settingssync] [info] Auto Sync: Started
[2021-03-10 21:19:52.371] [settingssync] [info] Auto Sync: Triggered by Interval
[2021-03-10 21:19:52.377] [settingssync] [info] Request failed https://vscode-sync.trafficmanager.net/v1/manifest
[2021-03-10 21:19:52.380] [settingssync] [error] RequestFailed (UserDataSyncError) syncResource:unknown operationId:unknown: Connection refused for the request 'https://vscode-sync.trafficmanager.net/v1/manifest'.
    at m.request (file:///var/lib/snapd/snap/code/57/usr/share/code/resources/app/out/vs/code/electron-browser/sharedProcess/sharedProcessMain.js:47:185451)
    at async manifest (file:///var/lib/snapd/snap/code/57/usr/share/code/resources/app/out/vs/code/electron-browser/sharedProcess/sharedProcessMain.js:47:183700)
    at async s.createSyncTask (file:///var/lib/snapd/snap/code/57/usr/share/code/resources/app/out/vs/code/electron-browser/sharedProcess/sharedProcessMain.js:47:154918)
    at async h.doSync (file:///var/lib/snapd/snap/code/57/usr/share/code/resources/app/out/vs/code/electron-browser/sharedProcess/sharedProcessMain.js:47:149515)
[2021-03-10 21:19:52.380] [settingssync] [error] RequestFailed (UserDataSyncError) syncResource:unknown operationId:unknown: Connection refused for the request 'https://vscode-sync.trafficmanager.net/v1/manifest'.
    at m.request (file:///var/lib/snapd/snap/code/57/usr/share/code/resources/app/out/vs/code/electron-browser/sharedProcess/sharedProcessMain.js:47:185451)
    at async manifest (file:///var/lib/snapd/snap/code/57/usr/share/code/resources/app/out/vs/code/electron-browser/sharedProcess/sharedProcessMain.js:47:183700)
    at async s.createSyncTask (file:///var/lib/snapd/snap/code/57/usr/share/code/resources/app/out/vs/code/electron-browser/sharedProcess/sharedProcessMain.js:47:154918)
    at async h.doSync (file:///var/lib/snapd/snap/code/57/usr/share/code/resources/app/out/vs/code/electron-browser/sharedProcess/sharedProcessMain.js:47:149515)
[2021-03-10 21:20:57.292] [settingssync] [info] Auto Sync: Triggered by Activity
[2021-03-10 21:20:57.304] [settingssync] [info] Request failed https://vscode-sync.trafficmanager.net/v1/manifest
[2021-03-10 21:20:57.305] [settingssync] [error] RequestFailed (UserDataSyncError) syncResource:unknown operationId:unknown: Connection refused for the request 'https://vscode-sync.trafficmanager.net/v1/manifest'.
    at m.request (file:///var/lib/snapd/snap/code/57/usr/share/code/resources/app/out/vs/code/electron-browser/sharedProcess/sharedProcessMain.js:47:185451)
    at async manifest (file:///var/lib/snapd/snap/code/57/usr/share/code/resources/app/out/vs/code/electron-browser/sharedProcess/sharedProcessMain.js:47:183700)
    at async s.createSyncTask (file:///var/lib/snapd/snap/code/57/usr/share/code/resources/app/out/vs/code/electron-browser/sharedProcess/sharedProcessMain.js:47:154918)
    at async h.doSync (file:///var/lib/snapd/snap/code/57/usr/share/code/resources/app/out/vs/code/electron-browser/sharedProcess/sharedProcessMain.js:47:149515)
[2021-03-10 21:20:57.306] [settingssync] [error] RequestFailed (UserDataSyncError) syncResource:unknown operationId:unknown: Connection refused for the request 'https://vscode-sync.trafficmanager.net/v1/manifest'.
    at m.request (file:///var/lib/snapd/snap/code/57/usr/share/code/resources/app/out/vs/code/electron-browser/sharedProcess/sharedProcessMain.js:47:185451)
    at async manifest (file:///var/lib/snapd/snap/code/57/usr/share/code/resources/app/out/vs/code/electron-browser/sharedProcess/sharedProcessMain.js:47:183700)
    at async s.createSyncTask (file:///var/lib/snapd/snap/code/57/usr/share/code/resources/app/out/vs/code/electron-browser/sharedProcess/sharedProcessMain.js:47:154918)
    at async h.doSync (file:///var/lib/snapd/snap/code/57/usr/share/code/resources/app/out/vs/code/electron-browser/sharedProcess/sharedProcessMain.js:47:149515)
[2021-03-10 21:21:13.328] [settingssync] [info] Auto Sync: Triggered by Activity
[2021-03-10 21:21:13.338] [settingssync] [info] Request failed https://vscode-sync.trafficmanager.net/v1/manifest
[2021-03-10 21:21:13.339] [settingssync] [error] RequestFailed (UserDataSyncError) syncResource:unknown operationId:unknown: Connection refused for the request 'https://vscode-sync.trafficmanager.net/v1/manifest'.
    at m.request (file:///var/lib/snapd/snap/code/57/usr/share/code/resources/app/out/vs/code/electron-browser/sharedProcess/sharedProcessMain.js:47:185451)
    at async manifest (file:///var/lib/snapd/snap/code/57/usr/share/code/resources/app/out/vs/code/electron-browser/sharedProcess/sharedProcessMain.js:47:183700)
    at async s.createSyncTask (file:///var/lib/snapd/snap/code/57/usr/share/code/resources/app/out/vs/code/electron-browser/sharedProcess/sharedProcessMain.js:47:154918)
    at async h.doSync (file:///var/lib/snapd/snap/code/57/usr/share/code/resources/app/out/vs/code/electron-browser/sharedProcess/sharedProcessMain.js:47:149515)
[2021-03-10 21:21:13.339] [settingssync] [error] RequestFailed (UserDataSyncError) syncResource:unknown operationId:unknown: Connection refused for the request 'https://vscode-sync.trafficmanager.net/v1/manifest'.
    at m.request (file:///var/lib/snapd/snap/code/57/usr/share/code/resources/app/out/vs/code/electron-browser/sharedProcess/sharedProcessMain.js:47:185451)
    at async manifest (file:///var/lib/snapd/snap/code/57/usr/share/code/resources/app/out/vs/code/electron-browser/sharedProcess/sharedProcessMain.js:47:183700)
    at async s.createSyncTask (file:///var/lib/snapd/snap/code/57/usr/share/code/resources/app/out/vs/code/electron-browser/sharedProcess/sharedProcessMain.js:47:154918)
    at async h.doSync (file:///var/lib/snapd/snap/code/57/usr/share/code/resources/app/out/vs/code/electron-browser/sharedProcess/sharedProcessMain.js:47:149515)
[2021-03-10 21:26:13.342] [settingssync] [info] Auto Sync: Triggered by Interval
[2021-03-10 21:26:13.353] [settingssync] [info] Request failed https://vscode-sync.trafficmanager.net/v1/manifest
[2021-03-10 21:26:13.354] [settingssync] [error] RequestFailed (UserDataSyncError) syncResource:unknown operationId:unknown: Connection refused for the request 'https://vscode-sync.trafficmanager.net/v1/manifest'.
    at m.request (file:///var/lib/snapd/snap/code/57/usr/share/code/resources/app/out/vs/code/electron-browser/sharedProcess/sharedProcessMain.js:47:185451)
    at async manifest (file:///var/lib/snapd/snap/code/57/usr/share/code/resources/app/out/vs/code/electron-browser/sharedProcess/sharedProcessMain.js:47:183700)
    at async s.createSyncTask (file:///var/lib/snapd/snap/code/57/usr/share/code/resources/app/out/vs/code/electron-browser/sharedProcess/sharedProcessMain.js:47:154918)
    at async h.doSync (file:///var/lib/snapd/snap/code/57/usr/share/code/resources/app/out/vs/code/electron-browser/sharedProcess/sharedProcessMain.js:47:149515)
[2021-03-10 21:26:13.354] [settingssync] [error] RequestFailed (UserDataSyncError) syncResource:unknown operationId:unknown: Connection refused for the request 'https://vscode-sync.trafficmanager.net/v1/manifest'.
    at m.request (file:///var/lib/snapd/snap/code/57/usr/share/code/resources/app/out/vs/code/electron-browser/sharedProcess/sharedProcessMain.js:47:185451)
    at async manifest (file:///var/lib/snapd/snap/code/57/usr/share/code/resources/app/out/vs/code/electron-browser/sharedProcess/sharedProcessMain.js:47:183700)
    at async s.createSyncTask (file:///var/lib/snapd/snap/code/57/usr/share/code/resources/app/out/vs/code/electron-browser/sharedProcess/sharedProcessMain.js:47:154918)
    at async h.doSync (file:///var/lib/snapd/snap/code/57/usr/share/code/resources/app/out/vs/code/electron-browser/sharedProcess/sharedProcessMain.js:47:149515)
[2021-03-10 21:26:17.167] [settingssync] [info] Auto Sync: Triggered by Activity
[2021-03-10 21:26:17.180] [settingssync] [info] Request failed https://vscode-sync.trafficmanager.net/v1/manifest
[2021-03-10 21:26:17.180] [settingssync] [error] RequestFailed (UserDataSyncError) syncResource:unknown operationId:unknown: Connection refused for the request 'https://vscode-sync.trafficmanager.net/v1/manifest'.
    at m.request (file:///var/lib/snapd/snap/code/57/usr/share/code/resources/app/out/vs/code/electron-browser/sharedProcess/sharedProcessMain.js:47:185451)
    at async manifest (file:///var/lib/snapd/snap/code/57/usr/share/code/resources/app/out/vs/code/electron-browser/sharedProcess/sharedProcessMain.js:47:183700)
    at async s.createSyncTask (file:///var/lib/snapd/snap/code/57/usr/share/code/resources/app/out/vs/code/electron-browser/sharedProcess/sharedProcessMain.js:47:154918)
    at async h.doSync (file:///var/lib/snapd/snap/code/57/usr/share/code/resources/app/out/vs/code/electron-browser/sharedProcess/sharedProcessMain.js:47:149515)
[2021-03-10 21:26:17.181] [settingssync] [error] RequestFailed (UserDataSyncError) syncResource:unknown operationId:unknown: Connection refused for the request 'https://vscode-sync.trafficmanager.net/v1/manifest'.
    at m.request (file:///var/lib/snapd/snap/code/57/usr/share/code/resources/app/out/vs/code/electron-browser/sharedProcess/sharedProcessMain.js:47:185451)
    at async manifest (file:///var/lib/snapd/snap/code/57/usr/share/code/resources/app/out/vs/code/electron-browser/sharedProcess/sharedProcessMain.js:47:183700)
    at async s.createSyncTask (file:///var/lib/snapd/snap/code/57/usr/share/code/resources/app/out/vs/code/electron-browser/sharedProcess/sharedProcessMain.js:47:154918)
    at async h.doSync (file:///var/lib/snapd/snap/code/57/usr/share/code/resources/app/out/vs/code/electron-browser/sharedProcess/sharedProcessMain.js:47:149515)
